This is pdfTeX, Version 3.141592653-2.6-1.40.24 (TeX Live 2022/nixos.org) (preloaded format=pdflatex 1980.1.1)  28 SEP 2023 22:07
entering extended mode
 restricted \write18 enabled.
 file:line:error style messages enabled.
 %&-line parsing enabled.
**survey.tex
(./survey.tex
LaTeX2e <2022-11-01> patch level 1
L3 programming layer <2023-02-22>
(/nix/store/kbg57ldwhh7s00zwl9c6dhjdfmc6igbj-texlive-combined-2022-texmfdist/te
x/latex/koma-script/scrartcl.cls
Document Class: scrartcl 2022/10/12 v3.38 KOMA-Script document class (article)

(/nix/store/kbg57ldwhh7s00zwl9c6dhjdfmc6igbj-texlive-combined-2022-texmfdist/te
x/latex/koma-script/scrkbase.sty
Package: scrkbase 2022/10/12 v3.38 KOMA-Script package (KOMA-Script-dependent b
asics and keyval usage)

(/nix/store/kbg57ldwhh7s00zwl9c6dhjdfmc6igbj-texlive-combined-2022-texmfdist/te
x/latex/koma-script/scrbase.sty
Package: scrbase 2022/10/12 v3.38 KOMA-Script package (KOMA-Script-independent 
basics and keyval usage)

(/nix/store/kbg57ldwhh7s00zwl9c6dhjdfmc6igbj-texlive-combined-2022-texmfdist/te
x/latex/koma-script/scrlfile.sty
Package: scrlfile 2022/10/12 v3.38 KOMA-Script package (file load hooks)

(/nix/store/kbg57ldwhh7s00zwl9c6dhjdfmc6igbj-texlive-combined-2022-texmfdist/te
x/latex/koma-script/scrlfile-hook.sty
Package: scrlfile-hook 2022/10/12 v3.38 KOMA-Script package (using LaTeX hooks)


(/nix/store/kbg57ldwhh7s00zwl9c6dhjdfmc6igbj-texlive-combined-2022-texmfdist/te
x/latex/koma-script/scrlogo.sty
Package: scrlogo 2022/10/12 v3.38 KOMA-Script package (logo)
)))
(/nix/store/kbg57ldwhh7s00zwl9c6dhjdfmc6igbj-texlive-combined-2022-texmfdist/te
x/latex/graphics/keyval.sty
Package: keyval 2022/05/29 v1.15 key=value parser (DPC)
\KV@toks@=\toks16
)
Applying: [2021/05/01] Usage of raw or classic option list on input line 252.
Already applied: [0000/00/00] Usage of raw or classic option list on input line
 368.
))
(/nix/store/kbg57ldwhh7s00zwl9c6dhjdfmc6igbj-texlive-combined-2022-texmfdist/te
x/latex/koma-script/tocbasic.sty
Package: tocbasic 2022/10/12 v3.38 KOMA-Script package (handling toc-files)
\scr@dte@tocline@numberwidth=\skip48
\scr@dte@tocline@numbox=\box51
)
Package tocbasic Info: omitting babel extension for `toc'
(tocbasic)             because of feature `nobabel' available
(tocbasic)             for `toc' on input line 135.
Class scrartcl Info: File `scrsize11pt.clo' used instead of
(scrartcl)           file `scrsize11.clo' to setup font sizes on input line 236
7.

(/nix/store/kbg57ldwhh7s00zwl9c6dhjdfmc6igbj-texlive-combined-2022-texmfdist/te
x/latex/koma-script/scrsize11pt.clo
File: scrsize11pt.clo 2022/10/12 v3.38 KOMA-Script font size class option (11pt
)
)
(/nix/store/kbg57ldwhh7s00zwl9c6dhjdfmc6igbj-texlive-combined-2022-texmfdist/te
x/latex/koma-script/typearea.sty
Package: typearea 2022/10/12 v3.38 KOMA-Script package (type area)
\ta@bcor=\skip49
\ta@div=\count185
\ta@hblk=\skip50
\ta@vblk=\skip51
\ta@temp=\skip52
\footheight=\skip53
Package typearea Info: These are the values describing the layout:
(typearea)             DIV  = 10
(typearea)             BCOR = 0.0pt
(typearea)             \paperwidth      = 597.50793pt
(typearea)              \textwidth      = 418.25555pt
(typearea)              DIV departure   = -6%
(typearea)              \evensidemargin = 17.3562pt
(typearea)              \oddsidemargin  = 17.3562pt
(typearea)             \paperheight     = 845.04694pt
(typearea)              \textheight     = 595.80026pt
(typearea)              \topmargin      = -25.16531pt
(typearea)              \headheight     = 17.0pt
(typearea)              \headsep        = 20.40001pt
(typearea)              \topskip        = 11.0pt
(typearea)              \footskip       = 47.6pt
(typearea)              \baselineskip   = 13.6pt
(typearea)              on input line 1767.
)
\c@part=\count186
\c@section=\count187
\c@subsection=\count188
\c@subsubsection=\count189
\c@paragraph=\count190
\c@subparagraph=\count191
\scr@dte@section@maxnumwidth=\skip54
Class scrartcl Info: using compatibility default `runin=bysign'
(scrartcl)           for `\section on input line 4994.
Class scrartcl Info: using compatibility default `afterindent=bysign'
(scrartcl)           for `\section on input line 4994.
\scr@dte@part@maxnumwidth=\skip55
Class scrartcl Info: using compatibility default `afterindent=false'
(scrartcl)           for `\part on input line 5002.
\scr@dte@subsection@maxnumwidth=\skip56
Class scrartcl Info: using compatibility default `runin=bysign'
(scrartcl)           for `\subsection on input line 5012.
Class scrartcl Info: using compatibility default `afterindent=bysign'
(scrartcl)           for `\subsection on input line 5012.
\scr@dte@subsubsection@maxnumwidth=\skip57
Class scrartcl Info: using compatibility default `runin=bysign'
(scrartcl)           for `\subsubsection on input line 5022.
Class scrartcl Info: using compatibility default `afterindent=bysign'
(scrartcl)           for `\subsubsection on input line 5022.
\scr@dte@paragraph@maxnumwidth=\skip58
Class scrartcl Info: using compatibility default `runin=bysign'
(scrartcl)           for `\paragraph on input line 5033.
Class scrartcl Info: using compatibility default `afterindent=bysign'
(scrartcl)           for `\paragraph on input line 5033.
\scr@dte@subparagraph@maxnumwidth=\skip59
Class scrartcl Info: using compatibility default `runin=bysign'
(scrartcl)           for `\subparagraph on input line 5043.
Class scrartcl Info: using compatibility default `afterindent=bysign'
(scrartcl)           for `\subparagraph on input line 5043.
\abovecaptionskip=\skip60
\belowcaptionskip=\skip61
\c@pti@nb@sid@b@x=\box52
Package tocbasic Info: omitting babel extension for `lof'
(tocbasic)             because of feature `nobabel' available
(tocbasic)             for `lof' on input line 6211.
\scr@dte@figure@maxnumwidth=\skip62
\c@figure=\count192
Package tocbasic Info: omitting babel extension for `lot'
(tocbasic)             because of feature `nobabel' available
(tocbasic)             for `lot' on input line 6227.
\scr@dte@table@maxnumwidth=\skip63
\c@table=\count193
Class scrartcl Info: Redefining `\numberline' on input line 6397.
\bibindent=\dimen140
)
(/nix/store/kbg57ldwhh7s00zwl9c6dhjdfmc6igbj-texlive-combined-2022-texmfdist/te
x/latex/pgf/frontendlayer/tikz.sty
(/nix/store/kbg57ldwhh7s00zwl9c6dhjdfmc6igbj-texlive-combined-2022-texmfdist/te
x/latex/pgf/basiclayer/pgf.sty
(/nix/store/kbg57ldwhh7s00zwl9c6dhjdfmc6igbj-texlive-combined-2022-texmfdist/te
x/latex/pgf/utilities/pgfrcs.sty
(/nix/store/kbg57ldwhh7s00zwl9c6dhjdfmc6igbj-texlive-combined-2022-texmfdist/te
x/generic/pgf/utilities/pgfutil-common.tex
\pgfutil@everybye=\toks17
\pgfutil@tempdima=\dimen141
\pgfutil@tempdimb=\dimen142
)
(/nix/store/kbg57ldwhh7s00zwl9c6dhjdfmc6igbj-texlive-combined-2022-texmfdist/te
x/generic/pgf/utilities/pgfutil-latex.def
\pgfutil@abb=\box53
)
(/nix/store/kbg57ldwhh7s00zwl9c6dhjdfmc6igbj-texlive-combined-2022-texmfdist/te
x/generic/pgf/utilities/pgfrcs.code.tex
(/nix/store/kbg57ldwhh7s00zwl9c6dhjdfmc6igbj-texlive-combined-2022-texmfdist/te
x/generic/pgf/pgf.revision.tex)
Package: pgfrcs 2023-01-15 v3.1.10 (3.1.10)
))
Package: pgf 2023-01-15 v3.1.10 (3.1.10)

(/nix/store/kbg57ldwhh7s00zwl9c6dhjdfmc6igbj-texlive-combined-2022-texmfdist/te
x/latex/pgf/basiclayer/pgfcore.sty
(/nix/store/kbg57ldwhh7s00zwl9c6dhjdfmc6igbj-texlive-combined-2022-texmfdist/te
x/latex/graphics/graphicx.sty
Package: graphicx 2021/09/16 v1.2d Enhanced LaTeX Graphics (DPC,SPQR)

(/nix/store/kbg57ldwhh7s00zwl9c6dhjdfmc6igbj-texlive-combined-2022-texmfdist/te
x/latex/graphics/graphics.sty
Package: graphics 2022/03/10 v1.4e Standard LaTeX Graphics (DPC,SPQR)

(/nix/store/kbg57ldwhh7s00zwl9c6dhjdfmc6igbj-texlive-combined-2022-texmfdist/te
x/latex/graphics/trig.sty
Package: trig 2021/08/11 v1.11 sin cos tan (DPC)
)
(/nix/store/kbg57ldwhh7s00zwl9c6dhjdfmc6igbj-texlive-combined-2022-texmfdist/te
x/latex/graphics-cfg/graphics.cfg
File: graphics.cfg 2016/06/04 v1.11 sample graphics configuration
)
Package graphics Info: Driver file: pdftex.def on input line 107.

(/nix/store/kbg57ldwhh7s00zwl9c6dhjdfmc6igbj-texlive-combined-2022-texmfdist/te
x/latex/graphics-def/pdftex.def
File: pdftex.def 2022/09/22 v1.2b Graphics/color driver for pdftex
))
\Gin@req@height=\dimen143
\Gin@req@width=\dimen144
)
(/nix/store/kbg57ldwhh7s00zwl9c6dhjdfmc6igbj-texlive-combined-2022-texmfdist/te
x/latex/pgf/systemlayer/pgfsys.sty
(/nix/store/kbg57ldwhh7s00zwl9c6dhjdfmc6igbj-texlive-combined-2022-texmfdist/te
x/generic/pgf/systemlayer/pgfsys.code.tex
Package: pgfsys 2023-01-15 v3.1.10 (3.1.10)

(/nix/store/kbg57ldwhh7s00zwl9c6dhjdfmc6igbj-texlive-combined-2022-texmfdist/te
x/generic/pgf/utilities/pgfkeys.code.tex
\pgfkeys@pathtoks=\toks18
\pgfkeys@temptoks=\toks19

(/nix/store/kbg57ldwhh7s00zwl9c6dhjdfmc6igbj-texlive-combined-2022-texmfdist/te
x/generic/pgf/utilities/pgfkeyslibraryfiltered.code.tex
\pgfkeys@tmptoks=\toks20
))
\pgf@x=\dimen145
\pgf@y=\dimen146
\pgf@xa=\dimen147
\pgf@ya=\dimen148
\pgf@xb=\dimen149
\pgf@yb=\dimen150
\pgf@xc=\dimen151
\pgf@yc=\dimen152
\pgf@xd=\dimen153
\pgf@yd=\dimen154
\w@pgf@writea=\write3
\r@pgf@reada=\read2
\c@pgf@counta=\count194
\c@pgf@countb=\count195
\c@pgf@countc=\count196
\c@pgf@countd=\count197
\t@pgf@toka=\toks21
\t@pgf@tokb=\toks22
\t@pgf@tokc=\toks23
\pgf@sys@id@count=\count198

(/nix/store/kbg57ldwhh7s00zwl9c6dhjdfmc6igbj-texlive-combined-2022-texmfdist/te
x/generic/pgf/systemlayer/pgf.cfg
File: pgf.cfg 2023-01-15 v3.1.10 (3.1.10)
)
Driver file for pgf: pgfsys-pdftex.def

(/nix/store/kbg57ldwhh7s00zwl9c6dhjdfmc6igbj-texlive-combined-2022-texmfdist/te
x/generic/pgf/systemlayer/pgfsys-pdftex.def
File: pgfsys-pdftex.def 2023-01-15 v3.1.10 (3.1.10)

(/nix/store/kbg57ldwhh7s00zwl9c6dhjdfmc6igbj-texlive-combined-2022-texmfdist/te
x/generic/pgf/systemlayer/pgfsys-common-pdf.def
File: pgfsys-common-pdf.def 2023-01-15 v3.1.10 (3.1.10)
)))
(/nix/store/kbg57ldwhh7s00zwl9c6dhjdfmc6igbj-texlive-combined-2022-texmfdist/te
x/generic/pgf/systemlayer/pgfsyssoftpath.code.tex
File: pgfsyssoftpath.code.tex 2023-01-15 v3.1.10 (3.1.10)
\pgfsyssoftpath@smallbuffer@items=\count199
\pgfsyssoftpath@bigbuffer@items=\count266
)
(/nix/store/kbg57ldwhh7s00zwl9c6dhjdfmc6igbj-texlive-combined-2022-texmfdist/te
x/generic/pgf/systemlayer/pgfsysprotocol.code.tex
File: pgfsysprotocol.code.tex 2023-01-15 v3.1.10 (3.1.10)
))
(/nix/store/kbg57ldwhh7s00zwl9c6dhjdfmc6igbj-texlive-combined-2022-texmfdist/te
x/latex/xcolor/xcolor.sty
Package: xcolor 2022/06/12 v2.14 LaTeX color extensions (UK)

(/nix/store/kbg57ldwhh7s00zwl9c6dhjdfmc6igbj-texlive-combined-2022-texmfdist/te
x/latex/graphics-cfg/color.cfg
File: color.cfg 2016/01/02 v1.6 sample color configuration
)
Package xcolor Info: Driver file: pdftex.def on input line 227.

(/nix/store/kbg57ldwhh7s00zwl9c6dhjdfmc6igbj-texlive-combined-2022-texmfdist/te
x/latex/graphics/mathcolor.ltx)
Package xcolor Info: Model `cmy' substituted by `cmy0' on input line 1353.
Package xcolor Info: Model `hsb' substituted by `rgb' on input line 1357.
Package xcolor Info: Model `RGB' extended on input line 1369.
Package xcolor Info: Model `HTML' substituted by `rgb' on input line 1371.
Package xcolor Info: Model `Hsb' substituted by `hsb' on input line 1372.
Package xcolor Info: Model `tHsb' substituted by `hsb' on input line 1373.
Package xcolor Info: Model `HSB' substituted by `hsb' on input line 1374.
Package xcolor Info: Model `Gray' substituted by `gray' on input line 1375.
Package xcolor Info: Model `wave' substituted by `hsb' on input line 1376.
)
(/nix/store/kbg57ldwhh7s00zwl9c6dhjdfmc6igbj-texlive-combined-2022-texmfdist/te
x/generic/pgf/basiclayer/pgfcore.code.tex
Package: pgfcore 2023-01-15 v3.1.10 (3.1.10)

(/nix/store/kbg57ldwhh7s00zwl9c6dhjdfmc6igbj-texlive-combined-2022-texmfdist/te
x/generic/pgf/math/pgfmath.code.tex
(/nix/store/kbg57ldwhh7s00zwl9c6dhjdfmc6igbj-texlive-combined-2022-texmfdist/te
x/generic/pgf/math/pgfmathutil.code.tex)
(/nix/store/kbg57ldwhh7s00zwl9c6dhjdfmc6igbj-texlive-combined-2022-texmfdist/te
x/generic/pgf/math/pgfmathparser.code.tex
\pgfmath@dimen=\dimen155
\pgfmath@count=\count267
\pgfmath@box=\box54
\pgfmath@toks=\toks24
\pgfmath@stack@operand=\toks25
\pgfmath@stack@operation=\toks26
)
(/nix/store/kbg57ldwhh7s00zwl9c6dhjdfmc6igbj-texlive-combined-2022-texmfdist/te
x/generic/pgf/math/pgfmathfunctions.code.tex)
(/nix/store/kbg57ldwhh7s00zwl9c6dhjdfmc6igbj-texlive-combined-2022-texmfdist/te
x/generic/pgf/math/pgfmathfunctions.basic.code.tex)
(/nix/store/kbg57ldwhh7s00zwl9c6dhjdfmc6igbj-texlive-combined-2022-texmfdist/te
x/generic/pgf/math/pgfmathfunctions.trigonometric.code.tex)
(/nix/store/kbg57ldwhh7s00zwl9c6dhjdfmc6igbj-texlive-combined-2022-texmfdist/te
x/generic/pgf/math/pgfmathfunctions.random.code.tex)
(/nix/store/kbg57ldwhh7s00zwl9c6dhjdfmc6igbj-texlive-combined-2022-texmfdist/te
x/generic/pgf/math/pgfmathfunctions.comparison.code.tex)
(/nix/store/kbg57ldwhh7s00zwl9c6dhjdfmc6igbj-texlive-combined-2022-texmfdist/te
x/generic/pgf/math/pgfmathfunctions.base.code.tex)
(/nix/store/kbg57ldwhh7s00zwl9c6dhjdfmc6igbj-texlive-combined-2022-texmfdist/te
x/generic/pgf/math/pgfmathfunctions.round.code.tex)
(/nix/store/kbg57ldwhh7s00zwl9c6dhjdfmc6igbj-texlive-combined-2022-texmfdist/te
x/generic/pgf/math/pgfmathfunctions.misc.code.tex)
(/nix/store/kbg57ldwhh7s00zwl9c6dhjdfmc6igbj-texlive-combined-2022-texmfdist/te
x/generic/pgf/math/pgfmathfunctions.integerarithmetics.code.tex)
(/nix/store/kbg57ldwhh7s00zwl9c6dhjdfmc6igbj-texlive-combined-2022-texmfdist/te
x/generic/pgf/math/pgfmathcalc.code.tex)
(/nix/store/kbg57ldwhh7s00zwl9c6dhjdfmc6igbj-texlive-combined-2022-texmfdist/te
x/generic/pgf/math/pgfmathfloat.code.tex
\c@pgfmathroundto@lastzeros=\count268
))
(/nix/store/kbg57ldwhh7s00zwl9c6dhjdfmc6igbj-texlive-combined-2022-texmfdist/te
x/generic/pgf/math/pgfint.code.tex)
(/nix/store/kbg57ldwhh7s00zwl9c6dhjdfmc6igbj-texlive-combined-2022-texmfdist/te
x/generic/pgf/basiclayer/pgfcorepoints.code.tex
File: pgfcorepoints.code.tex 2023-01-15 v3.1.10 (3.1.10)
\pgf@picminx=\dimen156
\pgf@picmaxx=\dimen157
\pgf@picminy=\dimen158
\pgf@picmaxy=\dimen159
\pgf@pathminx=\dimen160
\pgf@pathmaxx=\dimen161
\pgf@pathminy=\dimen162
\pgf@pathmaxy=\dimen163
\pgf@xx=\dimen164
\pgf@xy=\dimen165
\pgf@yx=\dimen166
\pgf@yy=\dimen167
\pgf@zx=\dimen168
\pgf@zy=\dimen169
)
(/nix/store/kbg57ldwhh7s00zwl9c6dhjdfmc6igbj-texlive-combined-2022-texmfdist/te
x/generic/pgf/basiclayer/pgfcorepathconstruct.code.tex
File: pgfcorepathconstruct.code.tex 2023-01-15 v3.1.10 (3.1.10)
\pgf@path@lastx=\dimen170
\pgf@path@lasty=\dimen171
)
(/nix/store/kbg57ldwhh7s00zwl9c6dhjdfmc6igbj-texlive-combined-2022-texmfdist/te
x/generic/pgf/basiclayer/pgfcorepathusage.code.tex
File: pgfcorepathusage.code.tex 2023-01-15 v3.1.10 (3.1.10)
\pgf@shorten@end@additional=\dimen172
\pgf@shorten@start@additional=\dimen173
)
(/nix/store/kbg57ldwhh7s00zwl9c6dhjdfmc6igbj-texlive-combined-2022-texmfdist/te
x/generic/pgf/basiclayer/pgfcorescopes.code.tex
File: pgfcorescopes.code.tex 2023-01-15 v3.1.10 (3.1.10)
\pgfpic=\box55
\pgf@hbox=\box56
\pgf@layerbox@main=\box57
\pgf@picture@serial@count=\count269
)
(/nix/store/kbg57ldwhh7s00zwl9c6dhjdfmc6igbj-texlive-combined-2022-texmfdist/te
x/generic/pgf/basiclayer/pgfcoregraphicstate.code.tex
File: pgfcoregraphicstate.code.tex 2023-01-15 v3.1.10 (3.1.10)
\pgflinewidth=\dimen174
)
(/nix/store/kbg57ldwhh7s00zwl9c6dhjdfmc6igbj-texlive-combined-2022-texmfdist/te
x/generic/pgf/basiclayer/pgfcoretransformations.code.tex
File: pgfcoretransformations.code.tex 2023-01-15 v3.1.10 (3.1.10)
\pgf@pt@x=\dimen175
\pgf@pt@y=\dimen176
\pgf@pt@temp=\dimen177
)
(/nix/store/kbg57ldwhh7s00zwl9c6dhjdfmc6igbj-texlive-combined-2022-texmfdist/te
x/generic/pgf/basiclayer/pgfcorequick.code.tex
File: pgfcorequick.code.tex 2023-01-15 v3.1.10 (3.1.10)
)
(/nix/store/kbg57ldwhh7s00zwl9c6dhjdfmc6igbj-texlive-combined-2022-texmfdist/te
x/generic/pgf/basiclayer/pgfcoreobjects.code.tex
File: pgfcoreobjects.code.tex 2023-01-15 v3.1.10 (3.1.10)
)
(/nix/store/kbg57ldwhh7s00zwl9c6dhjdfmc6igbj-texlive-combined-2022-texmfdist/te
x/generic/pgf/basiclayer/pgfcorepathprocessing.code.tex
File: pgfcorepathprocessing.code.tex 2023-01-15 v3.1.10 (3.1.10)
)
(/nix/store/kbg57ldwhh7s00zwl9c6dhjdfmc6igbj-texlive-combined-2022-texmfdist/te
x/generic/pgf/basiclayer/pgfcorearrows.code.tex
File: pgfcorearrows.code.tex 2023-01-15 v3.1.10 (3.1.10)
\pgfarrowsep=\dimen178
)
(/nix/store/kbg57ldwhh7s00zwl9c6dhjdfmc6igbj-texlive-combined-2022-texmfdist/te
x/generic/pgf/basiclayer/pgfcoreshade.code.tex
File: pgfcoreshade.code.tex 2023-01-15 v3.1.10 (3.1.10)
\pgf@max=\dimen179
\pgf@sys@shading@range@num=\count270
\pgf@shadingcount=\count271
)
(/nix/store/kbg57ldwhh7s00zwl9c6dhjdfmc6igbj-texlive-combined-2022-texmfdist/te
x/generic/pgf/basiclayer/pgfcoreimage.code.tex
File: pgfcoreimage.code.tex 2023-01-15 v3.1.10 (3.1.10)
)
(/nix/store/kbg57ldwhh7s00zwl9c6dhjdfmc6igbj-texlive-combined-2022-texmfdist/te
x/generic/pgf/basiclayer/pgfcoreexternal.code.tex
File: pgfcoreexternal.code.tex 2023-01-15 v3.1.10 (3.1.10)
\pgfexternal@startupbox=\box58
)
(/nix/store/kbg57ldwhh7s00zwl9c6dhjdfmc6igbj-texlive-combined-2022-texmfdist/te
x/generic/pgf/basiclayer/pgfcorelayers.code.tex
File: pgfcorelayers.code.tex 2023-01-15 v3.1.10 (3.1.10)
)
(/nix/store/kbg57ldwhh7s00zwl9c6dhjdfmc6igbj-texlive-combined-2022-texmfdist/te
x/generic/pgf/basiclayer/pgfcoretransparency.code.tex
File: pgfcoretransparency.code.tex 2023-01-15 v3.1.10 (3.1.10)
)
(/nix/store/kbg57ldwhh7s00zwl9c6dhjdfmc6igbj-texlive-combined-2022-texmfdist/te
x/generic/pgf/basiclayer/pgfcorepatterns.code.tex
File: pgfcorepatterns.code.tex 2023-01-15 v3.1.10 (3.1.10)
)
(/nix/store/kbg57ldwhh7s00zwl9c6dhjdfmc6igbj-texlive-combined-2022-texmfdist/te
x/generic/pgf/basiclayer/pgfcorerdf.code.tex
File: pgfcorerdf.code.tex 2023-01-15 v3.1.10 (3.1.10)
)))
(/nix/store/kbg57ldwhh7s00zwl9c6dhjdfmc6igbj-texlive-combined-2022-texmfdist/te
x/generic/pgf/modules/pgfmoduleshapes.code.tex
File: pgfmoduleshapes.code.tex 2023-01-15 v3.1.10 (3.1.10)
\pgfnodeparttextbox=\box59
)
(/nix/store/kbg57ldwhh7s00zwl9c6dhjdfmc6igbj-texlive-combined-2022-texmfdist/te
x/generic/pgf/modules/pgfmoduleplot.code.tex
File: pgfmoduleplot.code.tex 2023-01-15 v3.1.10 (3.1.10)
)
(/nix/store/kbg57ldwhh7s00zwl9c6dhjdfmc6igbj-texlive-combined-2022-texmfdist/te
x/latex/pgf/compatibility/pgfcomp-version-0-65.sty
Package: pgfcomp-version-0-65 2023-01-15 v3.1.10 (3.1.10)
\pgf@nodesepstart=\dimen180
\pgf@nodesepend=\dimen181
)
(/nix/store/kbg57ldwhh7s00zwl9c6dhjdfmc6igbj-texlive-combined-2022-texmfdist/te
x/latex/pgf/compatibility/pgfcomp-version-1-18.sty
Package: pgfcomp-version-1-18 2023-01-15 v3.1.10 (3.1.10)
))
(/nix/store/kbg57ldwhh7s00zwl9c6dhjdfmc6igbj-texlive-combined-2022-texmfdist/te
x/latex/pgf/utilities/pgffor.sty
(/nix/store/kbg57ldwhh7s00zwl9c6dhjdfmc6igbj-texlive-combined-2022-texmfdist/te
x/latex/pgf/utilities/pgfkeys.sty
(/nix/store/kbg57ldwhh7s00zwl9c6dhjdfmc6igbj-texlive-combined-2022-texmfdist/te
x/generic/pgf/utilities/pgfkeys.code.tex))
(/nix/store/kbg57ldwhh7s00zwl9c6dhjdfmc6igbj-texlive-combined-2022-texmfdist/te
x/latex/pgf/math/pgfmath.sty
(/nix/store/kbg57ldwhh7s00zwl9c6dhjdfmc6igbj-texlive-combined-2022-texmfdist/te
x/generic/pgf/math/pgfmath.code.tex))
(/nix/store/kbg57ldwhh7s00zwl9c6dhjdfmc6igbj-texlive-combined-2022-texmfdist/te
x/generic/pgf/utilities/pgffor.code.tex
Package: pgffor 2023-01-15 v3.1.10 (3.1.10)
\pgffor@iter=\dimen182
\pgffor@skip=\dimen183
\pgffor@stack=\toks27
\pgffor@toks=\toks28
))
(/nix/store/kbg57ldwhh7s00zwl9c6dhjdfmc6igbj-texlive-combined-2022-texmfdist/te
x/generic/pgf/frontendlayer/tikz/tikz.code.tex
Package: tikz 2023-01-15 v3.1.10 (3.1.10)

(/nix/store/kbg57ldwhh7s00zwl9c6dhjdfmc6igbj-texlive-combined-2022-texmfdist/te
x/generic/pgf/libraries/pgflibraryplothandlers.code.tex
File: pgflibraryplothandlers.code.tex 2023-01-15 v3.1.10 (3.1.10)
\pgf@plot@mark@count=\count272
\pgfplotmarksize=\dimen184
)
\tikz@lastx=\dimen185
\tikz@lasty=\dimen186
\tikz@lastxsaved=\dimen187
\tikz@lastysaved=\dimen188
\tikz@lastmovetox=\dimen189
\tikz@lastmovetoy=\dimen190
\tikzleveldistance=\dimen191
\tikzsiblingdistance=\dimen192
\tikz@figbox=\box60
\tikz@figbox@bg=\box61
\tikz@tempbox=\box62
\tikz@tempbox@bg=\box63
\tikztreelevel=\count273
\tikznumberofchildren=\count274
\tikznumberofcurrentchild=\count275
\tikz@fig@count=\count276

(/nix/store/kbg57ldwhh7s00zwl9c6dhjdfmc6igbj-texlive-combined-2022-texmfdist/te
x/generic/pgf/modules/pgfmodulematrix.code.tex
File: pgfmodulematrix.code.tex 2023-01-15 v3.1.10 (3.1.10)
\pgfmatrixcurrentrow=\count277
\pgfmatrixcurrentcolumn=\count278
\pgf@matrix@numberofcolumns=\count279
)
\tikz@expandcount=\count280

(/nix/store/kbg57ldwhh7s00zwl9c6dhjdfmc6igbj-texlive-combined-2022-texmfdist/te
x/generic/pgf/frontendlayer/tikz/libraries/tikzlibrarytopaths.code.tex
File: tikzlibrarytopaths.code.tex 2023-01-15 v3.1.10 (3.1.10)
)))
(/nix/store/kbg57ldwhh7s00zwl9c6dhjdfmc6igbj-texlive-combined-2022-texmfdist/te
x/latex/hyperref/hyperref.sty
Package: hyperref 2023-02-07 v7.00v Hypertext links for LaTeX

(/nix/store/kbg57ldwhh7s00zwl9c6dhjdfmc6igbj-texlive-combined-2022-texmfdist/te
x/generic/ltxcmds/ltxcmds.sty
Package: ltxcmds 2020-05-10 v1.25 LaTeX kernel commands for general use (HO)
)
(/nix/store/kbg57ldwhh7s00zwl9c6dhjdfmc6igbj-texlive-combined-2022-texmfdist/te
x/generic/iftex/iftex.sty
Package: iftex 2022/02/03 v1.0f TeX engine tests
)
(/nix/store/kbg57ldwhh7s00zwl9c6dhjdfmc6igbj-texlive-combined-2022-texmfdist/te
x/generic/pdftexcmds/pdftexcmds.sty
Package: pdftexcmds 2020-06-27 v0.33 Utility functions of pdfTeX for LuaTeX (HO
)

(/nix/store/kbg57ldwhh7s00zwl9c6dhjdfmc6igbj-texlive-combined-2022-texmfdist/te
x/generic/infwarerr/infwarerr.sty
Package: infwarerr 2019/12/03 v1.5 Providing info/warning/error messages (HO)
)
Package pdftexcmds Info: \pdf@primitive is available.
Package pdftexcmds Info: \pdf@ifprimitive is available.
Package pdftexcmds Info: \pdfdraftmode found.
)
(/nix/store/kbg57ldwhh7s00zwl9c6dhjdfmc6igbj-texlive-combined-2022-texmfdist/te
x/latex/kvsetkeys/kvsetkeys.sty
Package: kvsetkeys 2022-10-05 v1.19 Key value parser (HO)
)
(/nix/store/kbg57ldwhh7s00zwl9c6dhjdfmc6igbj-texlive-combined-2022-texmfdist/te
x/generic/kvdefinekeys/kvdefinekeys.sty
Package: kvdefinekeys 2019-12-19 v1.6 Define keys (HO)
)
(/nix/store/kbg57ldwhh7s00zwl9c6dhjdfmc6igbj-texlive-combined-2022-texmfdist/te
x/generic/pdfescape/pdfescape.sty
Package: pdfescape 2019/12/09 v1.15 Implements pdfTeX's escape features (HO)
)
(/nix/store/kbg57ldwhh7s00zwl9c6dhjdfmc6igbj-texlive-combined-2022-texmfdist/te
x/latex/hycolor/hycolor.sty
Package: hycolor 2020-01-27 v1.10 Color options for hyperref/bookmark (HO)
)
(/nix/store/kbg57ldwhh7s00zwl9c6dhjdfmc6igbj-texlive-combined-2022-texmfdist/te
x/latex/letltxmacro/letltxmacro.sty
Package: letltxmacro 2019/12/03 v1.6 Let assignment for LaTeX macros (HO)
)
(/nix/store/kbg57ldwhh7s00zwl9c6dhjdfmc6igbj-texlive-combined-2022-texmfdist/te
x/latex/auxhook/auxhook.sty
Package: auxhook 2019-12-17 v1.6 Hooks for auxiliary files (HO)
)
(/nix/store/kbg57ldwhh7s00zwl9c6dhjdfmc6igbj-texlive-combined-2022-texmfdist/te
x/latex/hyperref/nameref.sty
Package: nameref 2022-05-17 v2.50 Cross-referencing by name of section

(/nix/store/kbg57ldwhh7s00zwl9c6dhjdfmc6igbj-texlive-combined-2022-texmfdist/te
x/latex/refcount/refcount.sty
Package: refcount 2019/12/15 v3.6 Data extraction from label references (HO)
)
(/nix/store/kbg57ldwhh7s00zwl9c6dhjdfmc6igbj-texlive-combined-2022-texmfdist/te
x/generic/gettitlestring/gettitlestring.sty
Package: gettitlestring 2019/12/15 v1.6 Cleanup title references (HO)

(/nix/store/kbg57ldwhh7s00zwl9c6dhjdfmc6igbj-texlive-combined-2022-texmfdist/te
x/latex/kvoptions/kvoptions.sty
Package: kvoptions 2022-06-15 v3.15 Key value format for package options (HO)
))
\c@section@level=\count281
)
\@linkdim=\dimen193
\Hy@linkcounter=\count282
\Hy@pagecounter=\count283

(/nix/store/kbg57ldwhh7s00zwl9c6dhjdfmc6igbj-texlive-combined-2022-texmfdist/te
x/latex/hyperref/pd1enc.def
File: pd1enc.def 2023-02-07 v7.00v Hyperref: PDFDocEncoding definition (HO)
Now handling font encoding PD1 ...
... no UTF-8 mapping file for font encoding PD1
)
(/nix/store/kbg57ldwhh7s00zwl9c6dhjdfmc6igbj-texlive-combined-2022-texmfdist/te
x/generic/intcalc/intcalc.sty
Package: intcalc 2019/12/15 v1.3 Expandable calculations with integers (HO)
)
(/nix/store/kbg57ldwhh7s00zwl9c6dhjdfmc6igbj-texlive-combined-2022-texmfdist/te
x/generic/etexcmds/etexcmds.sty
Package: etexcmds 2019/12/15 v1.7 Avoid name clashes with e-TeX commands (HO)
)
\Hy@SavedSpaceFactor=\count284

(/nix/store/kbg57ldwhh7s00zwl9c6dhjdfmc6igbj-texlive-combined-2022-texmfdist/te
x/latex/hyperref/puenc.def
File: puenc.def 2023-02-07 v7.00v Hyperref: PDF Unicode definition (HO)
Now handling font encoding PU ...
... no UTF-8 mapping file for font encoding PU
)
Package hyperref Info: Hyper figures OFF on input line 4177.
Package hyperref Info: Link nesting OFF on input line 4182.
Package hyperref Info: Hyper index ON on input line 4185.
Package hyperref Info: Plain pages OFF on input line 4192.
Package hyperref Info: Backreferencing OFF on input line 4197.
Package hyperref Info: Implicit mode ON; LaTeX internals redefined.
Package hyperref Info: Bookmarks ON on input line 4425.
\c@Hy@tempcnt=\count285

(/nix/store/kbg57ldwhh7s00zwl9c6dhjdfmc6igbj-texlive-combined-2022-texmfdist/te
x/latex/url/url.sty
\Urlmuskip=\muskip16
Package: url 2013/09/16  ver 3.4  Verb mode for urls, etc.
)
LaTeX Info: Redefining \url on input line 4763.
\XeTeXLinkMargin=\dimen194

(/nix/store/kbg57ldwhh7s00zwl9c6dhjdfmc6igbj-texlive-combined-2022-texmfdist/te
x/generic/bitset/bitset.sty
Package: bitset 2019/12/09 v1.3 Handle bit-vector datatype (HO)

(/nix/store/kbg57ldwhh7s00zwl9c6dhjdfmc6igbj-texlive-combined-2022-texmfdist/te
x/generic/bigintcalc/bigintcalc.sty
Package: bigintcalc 2019/12/15 v1.5 Expandable calculations on big integers (HO
)
))
\Fld@menulength=\count286
\Field@Width=\dimen195
\Fld@charsize=\dimen196
Package hyperref Info: Hyper figures OFF on input line 6042.
Package hyperref Info: Link nesting OFF on input line 6047.
Package hyperref Info: Hyper index ON on input line 6050.
Package hyperref Info: backreferencing OFF on input line 6057.
Package hyperref Info: Link coloring OFF on input line 6062.
Package hyperref Info: Link coloring with OCG OFF on input line 6067.
Package hyperref Info: PDF/A mode OFF on input line 6072.

(/nix/store/kbg57ldwhh7s00zwl9c6dhjdfmc6igbj-texlive-combined-2022-texmfdist/te
x/latex/base/atbegshi-ltx.sty
Package: atbegshi-ltx 2021/01/10 v1.0c Emulation of the original atbegshi
package with kernel methods
)
\Hy@abspage=\count287
\c@Item=\count288
\c@Hfootnote=\count289
)
Package hyperref Info: Driver (autodetected): hpdftex.

(/nix/store/kbg57ldwhh7s00zwl9c6dhjdfmc6igbj-texlive-combined-2022-texmfdist/te
x/latex/hyperref/hpdftex.def
File: hpdftex.def 2023-02-07 v7.00v Hyperref driver for pdfTeX

(/nix/store/kbg57ldwhh7s00zwl9c6dhjdfmc6igbj-texlive-combined-2022-texmfdist/te
x/latex/base/atveryend-ltx.sty
Package: atveryend-ltx 2020/08/19 v1.0a Emulation of the original atveryend pac
kage
with kernel methods
)
\Fld@listcount=\count290
\c@bookmark@seq@number=\count291

(/nix/store/kbg57ldwhh7s00zwl9c6dhjdfmc6igbj-texlive-combined-2022-texmfdist/te
x/latex/rerunfilecheck/rerunfilecheck.sty
Package: rerunfilecheck 2022-07-10 v1.10 Rerun checks for auxiliary files (HO)

(/nix/store/kbg57ldwhh7s00zwl9c6dhjdfmc6igbj-texlive-combined-2022-texmfdist/te
x/generic/uniquecounter/uniquecounter.sty
Package: uniquecounter 2019/12/15 v1.4 Provide unlimited unique counter (HO)
)
Package uniquecounter Info: New unique counter `rerunfilecheck' on input line 2
85.
)
\Hy@SectionHShift=\skip64
)
(/nix/store/kbg57ldwhh7s00zwl9c6dhjdfmc6igbj-texlive-combined-2022-texmfdist/te
x/latex/setspace/setspace.sty
Package: setspace 2022/12/04 v6.7b set line spacing
)
(/nix/store/kbg57ldwhh7s00zwl9c6dhjdfmc6igbj-texlive-combined-2022-texmfdist/te
x/latex/pbox/pbox.sty
Package: pbox 2011/12/07 v1.2 Dynamic parboxes

(/nix/store/kbg57ldwhh7s00zwl9c6dhjdfmc6igbj-texlive-combined-2022-texmfdist/te
x/latex/tools/calc.sty
Package: calc 2017/05/25 v4.3 Infix arithmetic (KKT,FJ)
\calc@Acount=\count292
\calc@Bcount=\count293
\calc@Adimen=\dimen197
\calc@Bdimen=\dimen198
\calc@Askip=\skip65
\calc@Bskip=\skip66
LaTeX Info: Redefining \setlength on input line 80.
LaTeX Info: Redefining \addtolength on input line 81.
\calc@Ccount=\count294
\calc@Cskip=\skip67
)
(/nix/store/kbg57ldwhh7s00zwl9c6dhjdfmc6igbj-texlive-combined-2022-texmfdist/te
x/latex/base/ifthen.sty
Package: ifthen 2022/04/13 v1.1d Standard LaTeX ifthen package (DPC)
)
\pb@xlen=\skip68
)
(/nix/store/kbg57ldwhh7s00zwl9c6dhjdfmc6igbj-texlive-combined-2022-texmfdist/te
x/latex/l3backend/l3backend-pdftex.def
File: l3backend-pdftex.def 2023-01-16 L3 backend support: PDF output (pdfTeX)
\l__color_backend_stack_int=\count295
\l__pdf_internal_box=\box64
) (./survey.aux)
\openout1 = `survey.aux'.

LaTeX Font Info:    Checking defaults for OML/cmm/m/it on input line 51.
LaTeX Font Info:    ... okay on input line 51.
LaTeX Font Info:    Checking defaults for OMS/cmsy/m/n on input line 51.
LaTeX Font Info:    ... okay on input line 51.
LaTeX Font Info:    Checking defaults for OT1/cmr/m/n on input line 51.
LaTeX Font Info:    ... okay on input line 51.
LaTeX Font Info:    Checking defaults for T1/cmr/m/n on input line 51.
LaTeX Font Info:    ... okay on input line 51.
LaTeX Font Info:    Checking defaults for TS1/cmr/m/n on input line 51.
LaTeX Font Info:    ... okay on input line 51.
LaTeX Font Info:    Checking defaults for OMX/cmex/m/n on input line 51.
LaTeX Font Info:    ... okay on input line 51.
LaTeX Font Info:    Checking defaults for U/cmr/m/n on input line 51.
LaTeX Font Info:    ... okay on input line 51.
LaTeX Font Info:    Checking defaults for PD1/pdf/m/n on input line 51.
LaTeX Font Info:    ... okay on input line 51.
LaTeX Font Info:    Checking defaults for PU/pdf/m/n on input line 51.
LaTeX Font Info:    ... okay on input line 51.
Package scrbase Info: activating english \abstractname on input line 51.
Package scrbase Info: activating english \partname on input line 51.
Package scrbase Info: activating english \figurename on input line 51.
Package scrbase Info: activating english \tablename on input line 51.
Package scrbase Info: activating english \contentsname on input line 51.
Package scrbase Info: activating english \listfigurename on input line 51.
Package scrbase Info: activating english \listtablename on input line 51.
Package scrbase Info: activating english \refname on input line 51.
Package scrbase Info: activating english \indexname on input line 51.

(/nix/store/kbg57ldwhh7s00zwl9c6dhjdfmc6igbj-texlive-combined-2022-texmfdist/te
x/context/base/mkii/supp-pdf.mkii
[Loading MPS to PDF converter (version 2006.09.02).]
\scratchcounter=\count296
\scratchdimen=\dimen199
\scratchbox=\box65
\nofMPsegments=\count297
\nofMParguments=\count298
\everyMPshowfont=\toks29
\MPscratchCnt=\count299
\MPscratchDim=\dimen256
\MPnumerator=\count300
\makeMPintoPDFobject=\count301
\everyMPtoPDFconversion=\toks30
)
(/nix/store/kbg57ldwhh7s00zwl9c6dhjdfmc6igbj-texlive-combined-2022-texmfdist/te
x/latex/epstopdf-pkg/epstopdf-base.sty
Package: epstopdf-base 2020-01-24 v2.11 Base part for package epstopdf
Package epstopdf-base Info: Redefining graphics rule for `.eps' on input line 4
85.

(/nix/store/kbg57ldwhh7s00zwl9c6dhjdfmc6igbj-texlive-combined-2022-texmfdist/te
x/latex/latexconfig/epstopdf-sys.cfg
File: epstopdf-sys.cfg 2010/07/13 v1.3 Configuration of (r)epstopdf for TeX Liv
e
))
Package hyperref Info: Link coloring OFF on input line 51.
 (./survey.out) (./survey.out)
\@outlinefile=\write4
\openout4 = `survey.out'.

Class scrartcl Info: loading recommended package `bookmark'.
(scrartcl)           Using `bookmark' together with `hyperref' is recommended,
(scrartcl)           because of handling of possible bookmark level gaps.
(scrartcl)           You can avoid loading `bookmark' with KOMA-Script option
(scrartcl)           `bookmarkpackage=false' before \begin{document} and
(scrartcl)           you can avoid this message adding:
(scrartcl)             \usepackage{bookmark}
(scrartcl)           before \begin{document} on input line 51.

(/nix/store/kbg57ldwhh7s00zwl9c6dhjdfmc6igbj-texlive-combined-2022-texmfdist/te
x/latex/bookmark/bookmark.sty
Package: bookmark 2020-11-06 v1.29 PDF bookmarks (HO)

(/nix/store/kbg57ldwhh7s00zwl9c6dhjdfmc6igbj-texlive-combined-2022-texmfdist/te
x/latex/bookmark/bkm-pdftex.def
File: bkm-pdftex.def 2020-11-06 v1.29 bookmark driver for pdfTeX (HO)
\BKM@id=\count302
))
LaTeX Font Info:    Trying to load font information for U+pzd on input line 53.


(/nix/store/kbg57ldwhh7s00zwl9c6dhjdfmc6igbj-texlive-combined-2022-texmfdist/te
x/latex/psnfss/upzd.fd
File: upzd.fd 2001/06/04 font definitions for U/pzd.
){/nix/store/f9wk022a4rysbmmb3dzgvfcvchjlr2jq-texlive-combined-2022/share/texmf
-var/fonts/map/pdftex/updmap/pdftex.map}
LaTeX Font Info:    External font `cmex10' loaded for size
(Font)              <10.95> on input line 57.
LaTeX Font Info:    External font `cmex10' loaded for size
(Font)              <8> on input line 57.
LaTeX Font Info:    External font `cmex10' loaded for size
(Font)              <6> on input line 57.
 [1

]
(./survey.aux)
Package rerunfilecheck Info: File `survey.out' has not changed.
(rerunfilecheck)             Checksum: D41D8CD98F00B204E9800998ECF8427E;0.
 ) 
Here is how much of TeX's memory you used:
 21963 strings out of 476024
 446925 string characters out of 5769556
 1860388 words of memory out of 5000000
 42082 multiletter control sequences out of 15000+600000
 515990 words of font info for 44 fonts, out of 8000000 for 9000
 1141 hyphenation exceptions out of 8191
 110i,8n,106p,10601b,1038s stack positions out of 10000i,1000n,20000p,200000b,200000s
</nix/store/kbg57ldwhh7s00zwl9c6dhjdfmc6igbj-texlive-combined-2022-texmfdist/
fonts/type1/public/amsfonts/cm/cmr10.pfb></nix/store/kbg57ldwhh7s00zwl9c6dhjdfm
c6igbj-texlive-combined-2022-texmfdist/fonts/type1/public/amsfonts/cm/cmr9.pfb>
</nix/store/kbg57ldwhh7s00zwl9c6dhjdfmc6igbj-texlive-combined-2022-texmfdist/fo
nts/type1/public/amsfonts/cm/cmss10.pfb></nix/store/kbg57ldwhh7s00zwl9c6dhjdfmc
6igbj-texlive-combined-2022-texmfdist/fonts/type1/urw/zapfding/uzdr.pfb>
Output written on survey.pdf (1 page, 41490 bytes).
PDF statistics:
 55 PDF objects out of 1000 (max. 8388607)
 39 compressed objects within 1 object stream
 2 named destinations out of 1000 (max. 500000)
 47 words of extra memory for PDF output out of 10000 (max. 10000000)

