This is pdfTeX, Version 3.141592653-2.6-1.40.24 (TeX Live 2022/nixos.org) (preloaded format=pdflatex 1980.1.1)  28 SEP 2023 21:07
entering extended mode
 restricted \write18 enabled.
 file:line:error style messages enabled.
 %&-line parsing enabled.
**survey.tex
(./survey.tex
LaTeX2e <2022-11-01> patch level 1
L3 programming layer <2023-02-22> (../shared/survey.cls

LaTeX Warning: You have requested document class `../shared/survey',
               but the document class provides `survey'.

Document Class: survey 2023/09/28 Survey Latex class

(/nix/store/kbg57ldwhh7s00zwl9c6dhjdfmc6igbj-texlive-combined-2022-texmfdist/te
x/latex/base/article.cls
Document Class: article 2022/07/02 v1.4n Standard LaTeX document class

(/nix/store/kbg57ldwhh7s00zwl9c6dhjdfmc6igbj-texlive-combined-2022-texmfdist/te
x/latex/base/size12.clo
File: size12.clo 2022/07/02 v1.4n Standard LaTeX file (size option)
)
\c@part=\count185
\c@section=\count186
\c@subsection=\count187
\c@subsubsection=\count188
\c@paragraph=\count189
\c@subparagraph=\count190
\c@figure=\count191
\c@table=\count192
\abovecaptionskip=\skip48
\belowcaptionskip=\skip49
\bibindent=\dimen140
)
(/nix/store/kbg57ldwhh7s00zwl9c6dhjdfmc6igbj-texlive-combined-2022-texmfdist/te
x/latex/base/fontenc.sty
Package: fontenc 2021/04/29 v2.0v Standard LaTeX package

(/nix/store/kbg57ldwhh7s00zwl9c6dhjdfmc6igbj-texlive-combined-2022-texmfdist/te
x/latex/cyrillic/t2aenc.def
File: t2aenc.def 2022/06/11 v1.0j Cyrillic encoding definition file
Now handling font encoding T2A ...
... processing UTF-8 mapping file for font encoding T2A

(/nix/store/kbg57ldwhh7s00zwl9c6dhjdfmc6igbj-texlive-combined-2022-texmfdist/te
x/latex/base/t2aenc.dfu
File: t2aenc.dfu 2022/06/07 v1.3c UTF-8 support
   defining Unicode char U+00A4 (decimal 164)
   defining Unicode char U+00A7 (decimal 167)
   defining Unicode char U+00AB (decimal 171)
   defining Unicode char U+00BB (decimal 187)
   defining Unicode char U+0131 (decimal 305)
   defining Unicode char U+0237 (decimal 567)
   defining Unicode char U+0400 (decimal 1024)
   defining Unicode char U+0401 (decimal 1025)
   defining Unicode char U+0402 (decimal 1026)
   defining Unicode char U+0403 (decimal 1027)
   defining Unicode char U+0404 (decimal 1028)
   defining Unicode char U+0405 (decimal 1029)
   defining Unicode char U+0406 (decimal 1030)
   defining Unicode char U+0407 (decimal 1031)
   defining Unicode char U+0408 (decimal 1032)
   defining Unicode char U+0409 (decimal 1033)
   defining Unicode char U+040A (decimal 1034)
   defining Unicode char U+040B (decimal 1035)
   defining Unicode char U+040C (decimal 1036)
   defining Unicode char U+040D (decimal 1037)
   defining Unicode char U+040E (decimal 1038)
   defining Unicode char U+040F (decimal 1039)
   defining Unicode char U+0410 (decimal 1040)
   defining Unicode char U+0411 (decimal 1041)
   defining Unicode char U+0412 (decimal 1042)
   defining Unicode char U+0413 (decimal 1043)
   defining Unicode char U+0414 (decimal 1044)
   defining Unicode char U+0415 (decimal 1045)
   defining Unicode char U+0416 (decimal 1046)
   defining Unicode char U+0417 (decimal 1047)
   defining Unicode char U+0418 (decimal 1048)
   defining Unicode char U+0419 (decimal 1049)
   defining Unicode char U+041A (decimal 1050)
   defining Unicode char U+041B (decimal 1051)
   defining Unicode char U+041C (decimal 1052)
   defining Unicode char U+041D (decimal 1053)
   defining Unicode char U+041E (decimal 1054)
   defining Unicode char U+041F (decimal 1055)
   defining Unicode char U+0420 (decimal 1056)
   defining Unicode char U+0421 (decimal 1057)
   defining Unicode char U+0422 (decimal 1058)
   defining Unicode char U+0423 (decimal 1059)
   defining Unicode char U+0424 (decimal 1060)
   defining Unicode char U+0425 (decimal 1061)
   defining Unicode char U+0426 (decimal 1062)
   defining Unicode char U+0427 (decimal 1063)
   defining Unicode char U+0428 (decimal 1064)
   defining Unicode char U+0429 (decimal 1065)
   defining Unicode char U+042A (decimal 1066)
   defining Unicode char U+042B (decimal 1067)
   defining Unicode char U+042C (decimal 1068)
   defining Unicode char U+042D (decimal 1069)
   defining Unicode char U+042E (decimal 1070)
   defining Unicode char U+042F (decimal 1071)
   defining Unicode char U+0430 (decimal 1072)
   defining Unicode char U+0431 (decimal 1073)
   defining Unicode char U+0432 (decimal 1074)
   defining Unicode char U+0433 (decimal 1075)
   defining Unicode char U+0434 (decimal 1076)
   defining Unicode char U+0435 (decimal 1077)
   defining Unicode char U+0436 (decimal 1078)
   defining Unicode char U+0437 (decimal 1079)
   defining Unicode char U+0438 (decimal 1080)
   defining Unicode char U+0439 (decimal 1081)
   defining Unicode char U+043A (decimal 1082)
   defining Unicode char U+043B (decimal 1083)
   defining Unicode char U+043C (decimal 1084)
   defining Unicode char U+043D (decimal 1085)
   defining Unicode char U+043E (decimal 1086)
   defining Unicode char U+043F (decimal 1087)
   defining Unicode char U+0440 (decimal 1088)
   defining Unicode char U+0441 (decimal 1089)
   defining Unicode char U+0442 (decimal 1090)
   defining Unicode char U+0443 (decimal 1091)
   defining Unicode char U+0444 (decimal 1092)
   defining Unicode char U+0445 (decimal 1093)
   defining Unicode char U+0446 (decimal 1094)
   defining Unicode char U+0447 (decimal 1095)
   defining Unicode char U+0448 (decimal 1096)
   defining Unicode char U+0449 (decimal 1097)
   defining Unicode char U+044A (decimal 1098)
   defining Unicode char U+044B (decimal 1099)
   defining Unicode char U+044C (decimal 1100)
   defining Unicode char U+044D (decimal 1101)
   defining Unicode char U+044E (decimal 1102)
   defining Unicode char U+044F (decimal 1103)
   defining Unicode char U+0450 (decimal 1104)
   defining Unicode char U+0451 (decimal 1105)
   defining Unicode char U+0452 (decimal 1106)
   defining Unicode char U+0453 (decimal 1107)
   defining Unicode char U+0454 (decimal 1108)
   defining Unicode char U+0455 (decimal 1109)
   defining Unicode char U+0456 (decimal 1110)
   defining Unicode char U+0457 (decimal 1111)
   defining Unicode char U+0458 (decimal 1112)
   defining Unicode char U+0459 (decimal 1113)
   defining Unicode char U+045A (decimal 1114)
   defining Unicode char U+045B (decimal 1115)
   defining Unicode char U+045C (decimal 1116)
   defining Unicode char U+045D (decimal 1117)
   defining Unicode char U+045E (decimal 1118)
   defining Unicode char U+045F (decimal 1119)
   defining Unicode char U+0490 (decimal 1168)
   defining Unicode char U+0491 (decimal 1169)
   defining Unicode char U+0492 (decimal 1170)
   defining Unicode char U+0493 (decimal 1171)
   defining Unicode char U+0496 (decimal 1174)
   defining Unicode char U+0497 (decimal 1175)
   defining Unicode char U+0498 (decimal 1176)
   defining Unicode char U+0499 (decimal 1177)
   defining Unicode char U+049A (decimal 1178)
   defining Unicode char U+049B (decimal 1179)
   defining Unicode char U+049C (decimal 1180)
   defining Unicode char U+049D (decimal 1181)
   defining Unicode char U+04A0 (decimal 1184)
   defining Unicode char U+04A1 (decimal 1185)
   defining Unicode char U+04A2 (decimal 1186)
   defining Unicode char U+04A3 (decimal 1187)
   defining Unicode char U+04A4 (decimal 1188)
   defining Unicode char U+04A5 (decimal 1189)
   defining Unicode char U+04AA (decimal 1194)
   defining Unicode char U+04AB (decimal 1195)
   defining Unicode char U+04AE (decimal 1198)
   defining Unicode char U+04AF (decimal 1199)
   defining Unicode char U+04B0 (decimal 1200)
   defining Unicode char U+04B1 (decimal 1201)
   defining Unicode char U+04B2 (decimal 1202)
   defining Unicode char U+04B3 (decimal 1203)
   defining Unicode char U+04B6 (decimal 1206)
   defining Unicode char U+04B7 (decimal 1207)
   defining Unicode char U+04B8 (decimal 1208)
   defining Unicode char U+04B9 (decimal 1209)
   defining Unicode char U+04BA (decimal 1210)
   defining Unicode char U+04BB (decimal 1211)
   defining Unicode char U+04C0 (decimal 1216)
   defining Unicode char U+04C1 (decimal 1217)
   defining Unicode char U+04C2 (decimal 1218)
   defining Unicode char U+04D0 (decimal 1232)
   defining Unicode char U+04D1 (decimal 1233)
   defining Unicode char U+04D2 (decimal 1234)
   defining Unicode char U+04D3 (decimal 1235)
   defining Unicode char U+04D4 (decimal 1236)
   defining Unicode char U+04D5 (decimal 1237)
   defining Unicode char U+04D6 (decimal 1238)
   defining Unicode char U+04D7 (decimal 1239)
   defining Unicode char U+04D8 (decimal 1240)
   defining Unicode char U+04D9 (decimal 1241)
   defining Unicode char U+04DA (decimal 1242)
   defining Unicode char U+04DB (decimal 1243)
   defining Unicode char U+04DC (decimal 1244)
   defining Unicode char U+04DD (decimal 1245)
   defining Unicode char U+04DE (decimal 1246)
   defining Unicode char U+04DF (decimal 1247)
   defining Unicode char U+04E2 (decimal 1250)
   defining Unicode char U+04E3 (decimal 1251)
   defining Unicode char U+04E4 (decimal 1252)
   defining Unicode char U+04E5 (decimal 1253)
   defining Unicode char U+04E6 (decimal 1254)
   defining Unicode char U+04E7 (decimal 1255)
   defining Unicode char U+04E8 (decimal 1256)
   defining Unicode char U+04E9 (decimal 1257)
   defining Unicode char U+04EC (decimal 1260)
   defining Unicode char U+04ED (decimal 1261)
   defining Unicode char U+04EE (decimal 1262)
   defining Unicode char U+04EF (decimal 1263)
   defining Unicode char U+04F0 (decimal 1264)
   defining Unicode char U+04F1 (decimal 1265)
   defining Unicode char U+04F2 (decimal 1266)
   defining Unicode char U+04F3 (decimal 1267)
   defining Unicode char U+04F4 (decimal 1268)
   defining Unicode char U+04F5 (decimal 1269)
   defining Unicode char U+04F8 (decimal 1272)
   defining Unicode char U+04F9 (decimal 1273)
   defining Unicode char U+200C (decimal 8204)
   defining Unicode char U+2013 (decimal 8211)
   defining Unicode char U+2014 (decimal 8212)
   defining Unicode char U+2018 (decimal 8216)
   defining Unicode char U+2019 (decimal 8217)
   defining Unicode char U+201C (decimal 8220)
   defining Unicode char U+201D (decimal 8221)
   defining Unicode char U+201E (decimal 8222)
   defining Unicode char U+2030 (decimal 8240)
   defining Unicode char U+2031 (decimal 8241)
   defining Unicode char U+2116 (decimal 8470)
   defining Unicode char U+2329 (decimal 9001)
   defining Unicode char U+3008 (decimal 12296)
   defining Unicode char U+232A (decimal 9002)
   defining Unicode char U+3009 (decimal 12297)
   defining Unicode char U+2423 (decimal 9251)
   defining Unicode char U+27E8 (decimal 10216)
   defining Unicode char U+27E9 (decimal 10217)
   defining Unicode char U+FB00 (decimal 64256)
   defining Unicode char U+FB01 (decimal 64257)
   defining Unicode char U+FB02 (decimal 64258)
   defining Unicode char U+FB03 (decimal 64259)
   defining Unicode char U+FB04 (decimal 64260)
   defining Unicode char U+FB05 (decimal 64261)
   defining Unicode char U+FB06 (decimal 64262)
))
LaTeX Font Info:    Trying to load font information for T2A+cmr on input line 1
12.

(/nix/store/kbg57ldwhh7s00zwl9c6dhjdfmc6igbj-texlive-combined-2022-texmfdist/te
x/latex/cyrillic/t2acmr.fd
File: t2acmr.fd 2001/08/11 v1.0a Computer Modern Cyrillic font definitions
))
(/nix/store/kbg57ldwhh7s00zwl9c6dhjdfmc6igbj-texlive-combined-2022-texmfdist/te
x/latex/base/inputenc.sty
Package: inputenc 2021/02/14 v1.3d Input encoding file
\inpenc@prehook=\toks16
\inpenc@posthook=\toks17
)
(/nix/store/kbg57ldwhh7s00zwl9c6dhjdfmc6igbj-texlive-combined-2022-texmfdist/te
x/generic/babel/babel.sty
Package: babel 2023/02/13 3.86 The Babel package
\babel@savecnt=\count193
\U@D=\dimen141
\l@unhyphenated=\language87

(/nix/store/kbg57ldwhh7s00zwl9c6dhjdfmc6igbj-texlive-combined-2022-texmfdist/te
x/generic/babel/txtbabel.def)
\bbl@readstream=\read2
\bbl@dirlevel=\count194

(/nix/store/kbg57ldwhh7s00zwl9c6dhjdfmc6igbj-texlive-combined-2022-texmfdist/te
x/generic/babel-english/english.ldf
Language: english 2017/06/06 v3.3r English support from the babel system
Package babel Info: Hyphen rules for 'canadian' set to \l@english
(babel)             (\language0). Reported on input line 102.
Package babel Info: Hyphen rules for 'australian' set to \l@ukenglish
(babel)             (\language21). Reported on input line 105.
Package babel Info: Hyphen rules for 'newzealand' set to \l@ukenglish
(babel)             (\language21). Reported on input line 108.
)
(/nix/store/kbg57ldwhh7s00zwl9c6dhjdfmc6igbj-texlive-combined-2022-texmfdist/te
x/generic/babel-russian/russianb.ldf
File: russianb.ldf 2021/01/10 1.3m Russian support for the Babel system
Language: russian 2020/09/09 1.3k Russian support for the Babel system
Package babel Info: Making " an active character on input line 124.
Package babel Info: Default for \cyrdash is provided on input line 163.
))
(/nix/store/kbg57ldwhh7s00zwl9c6dhjdfmc6igbj-texlive-combined-2022-texmfdist/te
x/generic/babel/locale/ru/babel-russian.tex
Package babel Info: Importing font and identification data for russian
(babel)             from babel-ru.ini. Reported on input line 11.
)
(/nix/store/kbg57ldwhh7s00zwl9c6dhjdfmc6igbj-texlive-combined-2022-texmfdist/te
x/generic/babel/locale/en/babel-english.tex
Package babel Info: Importing font and identification data for english
(babel)             from babel-en.ini. Reported on input line 11.
)
(/nix/store/kbg57ldwhh7s00zwl9c6dhjdfmc6igbj-texlive-combined-2022-texmfdist/te
x/latex/paratype/paratype.sty
Package: paratype 2012/01/24 Style file for package paratype.

(/nix/store/kbg57ldwhh7s00zwl9c6dhjdfmc6igbj-texlive-combined-2022-texmfdist/te
x/latex/paratype/PTSans.sty
Package: PTSans 2011/02/09 Style file for PTSans.

(/nix/store/kbg57ldwhh7s00zwl9c6dhjdfmc6igbj-texlive-combined-2022-texmfdist/te
x/latex/graphics/keyval.sty
Package: keyval 2022/05/29 v1.15 key=value parser (DPC)
\KV@toks@=\toks18
))
(/nix/store/kbg57ldwhh7s00zwl9c6dhjdfmc6igbj-texlive-combined-2022-texmfdist/te
x/latex/paratype/PTSerif.sty
Package: PTSerif 2011/02/10 Style file for PTSerif.
)
(/nix/store/kbg57ldwhh7s00zwl9c6dhjdfmc6igbj-texlive-combined-2022-texmfdist/te
x/latex/paratype/PTMono.sty
Package: PTMono 2012/01/24 Style file for PTMono.
))
(/nix/store/kbg57ldwhh7s00zwl9c6dhjdfmc6igbj-texlive-combined-2022-texmfdist/te
x/latex/geometry/geometry.sty
Package: geometry 2020/01/02 v5.9 Page Geometry

(/nix/store/kbg57ldwhh7s00zwl9c6dhjdfmc6igbj-texlive-combined-2022-texmfdist/te
x/generic/iftex/ifvtex.sty
Package: ifvtex 2019/10/25 v1.7 ifvtex legacy package. Use iftex instead.

(/nix/store/kbg57ldwhh7s00zwl9c6dhjdfmc6igbj-texlive-combined-2022-texmfdist/te
x/generic/iftex/iftex.sty
Package: iftex 2022/02/03 v1.0f TeX engine tests
))
\Gm@cnth=\count195
\Gm@cntv=\count196
\c@Gm@tempcnt=\count197
\Gm@bindingoffset=\dimen142
\Gm@wd@mp=\dimen143
\Gm@odd@mp=\dimen144
\Gm@even@mp=\dimen145
\Gm@layoutwidth=\dimen146
\Gm@layoutheight=\dimen147
\Gm@layouthoffset=\dimen148
\Gm@layoutvoffset=\dimen149
\Gm@dimlist=\toks19
)
(/nix/store/kbg57ldwhh7s00zwl9c6dhjdfmc6igbj-texlive-combined-2022-texmfdist/te
x/latex/fancyhdr/fancyhdr.sty
Package: fancyhdr 2022/11/09 v4.1 Extensive control of page headers and footers

\f@nch@headwidth=\skip50
\f@nch@O@elh=\skip51
\f@nch@O@erh=\skip52
\f@nch@O@olh=\skip53
\f@nch@O@orh=\skip54
\f@nch@O@elf=\skip55
\f@nch@O@erf=\skip56
\f@nch@O@olf=\skip57
\f@nch@O@orf=\skip58
)
(/nix/store/kbg57ldwhh7s00zwl9c6dhjdfmc6igbj-texlive-combined-2022-texmfdist/te
x/latex/wasysym/wasysym.sty
Package: wasysym 2020/01/19 v2.4 Wasy-2 symbol support package
\symwasy=\mathgroup4
LaTeX Font Info:    Overwriting symbol font `wasy' in version `bold'
(Font)                  U/wasy/m/n --> U/wasy/b/n on input line 93.
)
(/nix/store/kbg57ldwhh7s00zwl9c6dhjdfmc6igbj-texlive-combined-2022-texmfdist/te
x/latex/enumitem/enumitem.sty
Package: enumitem 2019/06/20 v3.9 Customized lists
\labelindent=\skip59
\enit@outerparindent=\dimen150
\enit@toks=\toks20
\enit@inbox=\box51
\enit@count@id=\count198
\enitdp@description=\count199
)
(/nix/store/kbg57ldwhh7s00zwl9c6dhjdfmc6igbj-texlive-combined-2022-texmfdist/te
x/latex/graphics/color.sty
Package: color 2022/01/06 v1.3d Standard LaTeX Color (DPC)

(/nix/store/kbg57ldwhh7s00zwl9c6dhjdfmc6igbj-texlive-combined-2022-texmfdist/te
x/latex/graphics-cfg/color.cfg
File: color.cfg 2016/01/02 v1.6 sample color configuration
)
Package color Info: Driver file: pdftex.def on input line 149.

(/nix/store/kbg57ldwhh7s00zwl9c6dhjdfmc6igbj-texlive-combined-2022-texmfdist/te
x/latex/graphics-def/pdftex.def
File: pdftex.def 2022/09/22 v1.2b Graphics/color driver for pdftex
)
(/nix/store/kbg57ldwhh7s00zwl9c6dhjdfmc6igbj-texlive-combined-2022-texmfdist/te
x/latex/graphics/mathcolor.ltx))
(/nix/store/kbg57ldwhh7s00zwl9c6dhjdfmc6igbj-texlive-combined-2022-texmfdist/te
x/latex/forloop/forloop.sty
Package: forloop 2006/09/18 v3.0 For Loops for LaTeX

(/nix/store/kbg57ldwhh7s00zwl9c6dhjdfmc6igbj-texlive-combined-2022-texmfdist/te
x/latex/base/ifthen.sty
Package: ifthen 2022/04/13 v1.1d Standard LaTeX ifthen package (DPC)
))
\c@qr=\count266
\c@ql=\count267
\qt=\skip60
\c@itemnummer=\count268
\c@itemoddeven=\count269
\gb=\skip61
)
LaTeX Font Info:    Trying to load font information for T2A+Dejavu on input lin
e 2.
LaTeX Font Info:    No file T2ADejavu.fd. on input line 2.


LaTeX Font Warning: Font shape `T2A/Dejavu/m/n' undefined
(Font)              using `T2A/cmr/m/n' instead on input line 2.

LaTeX Font Info:    Trying to load font information for T2A+PTSans-TLF on input
 line 8.

(/nix/store/kbg57ldwhh7s00zwl9c6dhjdfmc6igbj-texlive-combined-2022-texmfdist/te
x/latex/paratype/T2APTSans-TLF.fd
File: T2APTSans-TLF.fd 2011/05/04 (autoinst with patch) Font definitions for T2
A/PTSans-TLF.
)
(/nix/store/kbg57ldwhh7s00zwl9c6dhjdfmc6igbj-texlive-combined-2022-texmfdist/te
x/latex/l3backend/l3backend-pdftex.def
File: l3backend-pdftex.def 2023-01-16 L3 backend support: PDF output (pdfTeX)
\l__color_backend_stack_int=\count270
\l__pdf_internal_box=\box52
) (./survey.aux)
\openout1 = `survey.aux'.

LaTeX Font Info:    Checking defaults for OML/cmm/m/it on input line 8.
LaTeX Font Info:    ... okay on input line 8.
LaTeX Font Info:    Checking defaults for OMS/cmsy/m/n on input line 8.
LaTeX Font Info:    ... okay on input line 8.
LaTeX Font Info:    Checking defaults for OT1/cmr/m/n on input line 8.
LaTeX Font Info:    ... okay on input line 8.
LaTeX Font Info:    Checking defaults for T1/cmr/m/n on input line 8.
LaTeX Font Info:    ... okay on input line 8.
LaTeX Font Info:    Checking defaults for TS1/cmr/m/n on input line 8.
LaTeX Font Info:    ... okay on input line 8.
LaTeX Font Info:    Checking defaults for OMX/cmex/m/n on input line 8.
LaTeX Font Info:    ... okay on input line 8.
LaTeX Font Info:    Checking defaults for U/cmr/m/n on input line 8.
LaTeX Font Info:    ... okay on input line 8.
LaTeX Font Info:    Checking defaults for T2A/cmr/m/n on input line 8.
LaTeX Font Info:    ... okay on input line 8.
LaTeX Info: Redefining \th on input line 8.

*geometry* driver: auto-detecting
*geometry* detected driver: pdftex
*geometry* verbose mode - [ preamble ] result:
* driver: pdftex
* paper: a4paper
* layout: <same size as paper>
* layoutoffset:(h,v)=(0.0pt,0.0pt)
* modes: 
* h-part:(L,W,R)=(32.0pt, 533.50787pt, 32.0pt)
* v-part:(T,H,B)=(48.0pt, 749.04684pt, 48.0pt)
* \paperwidth=597.50787pt
* \paperheight=845.04684pt
* \textwidth=533.50787pt
* \textheight=749.04684pt
* \oddsidemargin=-40.26999pt
* \evensidemargin=-40.26999pt
* \topmargin=-61.26999pt
* \headheight=12.0pt
* \headsep=25.0pt
* \topskip=12.0pt
* \footskip=30.0pt
* \marginparwidth=44.0pt
* \marginparsep=10.0pt
* \columnsep=10.0pt
* \skip\footins=10.8pt plus 4.0pt minus 2.0pt
* \hoffset=0.0pt
* \voffset=0.0pt
* \mag=1000
* \@twocolumnfalse
* \@twosidefalse
* \@mparswitchfalse
* \@reversemarginfalse
* (1in=72.27pt=25.4mm, 1cm=28.453pt)


(/nix/store/kbg57ldwhh7s00zwl9c6dhjdfmc6igbj-texlive-combined-2022-texmfdist/te
x/context/base/mkii/supp-pdf.mkii
[Loading MPS to PDF converter (version 2006.09.02).]
\scratchcounter=\count271
\scratchdimen=\dimen151
\scratchbox=\box53
\nofMPsegments=\count272
\nofMParguments=\count273
\everyMPshowfont=\toks21
\MPscratchCnt=\count274
\MPscratchDim=\dimen152
\MPnumerator=\count275
\makeMPintoPDFobject=\count276
\everyMPtoPDFconversion=\toks22
)
LaTeX Font Info:    External font `cmex10' loaded for size
(Font)              <12> on input line 22.
LaTeX Font Info:    External font `cmex10' loaded for size
(Font)              <8> on input line 22.
LaTeX Font Info:    External font `cmex10' loaded for size
(Font)              <6> on input line 22.
LaTeX Font Info:    Trying to load font information for U+wasy on input line 22
.

(/nix/store/kbg57ldwhh7s00zwl9c6dhjdfmc6igbj-texlive-combined-2022-texmfdist/te
x/latex/wasysym/uwasy.fd
File: uwasy.fd 2020/01/19 v2.4 Wasy-2 symbol font definitions
)
Overfull \hbox (7.75pt too wide) in paragraph at lines 22--23
[][][][][][]
 []


Underfull \hbox (badness 10000) in paragraph at lines 22--23

 []


Overfull \hbox (7.75pt too wide) in paragraph at lines 24--25
[][][][][][]
 []


Underfull \hbox (badness 10000) in paragraph at lines 24--25

 []


Overfull \hbox (7.75pt too wide) in paragraph at lines 31--32
[][][][][][]
 []


Underfull \hbox (badness 10000) in paragraph at lines 31--32

 []


Overfull \hbox (7.75pt too wide) in paragraph at lines 38--39
[][][][][][]
 []


Underfull \hbox (badness 10000) in paragraph at lines 38--39

 []


Overfull \hbox (7.75pt too wide) in paragraph at lines 45--46
[][][][][][]
 []


Underfull \hbox (badness 10000) in paragraph at lines 45--46

 []


Overfull \hbox (7.75pt too wide) in paragraph at lines 52--53
[][][][][][]
 []


Underfull \hbox (badness 10000) in paragraph at lines 52--53

 []


Overfull \hbox (7.75pt too wide) in paragraph at lines 59--60
[][][][][][]
 []


Underfull \hbox (badness 10000) in paragraph at lines 59--60

 []


Package fancyhdr Warning: \headheight is too small (12.0pt): 
(fancyhdr)                Make it at least 14.49998pt, for example:
(fancyhdr)                \setlength{\headheight}{14.49998pt}.
(fancyhdr)                You might also make \topmargin smaller to compensate:

(fancyhdr)                \addtolength{\topmargin}{-2.49998pt}.

LaTeX Font Info:    Trying to load font information for TS1+PTSans-TLF on input
 line 68.

(/nix/store/kbg57ldwhh7s00zwl9c6dhjdfmc6igbj-texlive-combined-2022-texmfdist/te
x/latex/paratype/TS1PTSans-TLF.fd
File: TS1PTSans-TLF.fd 2011/05/04 (autoinst with patch) Font definitions for TS
1/PTSans-TLF.
) [1{/nix/store/f9wk022a4rysbmmb3dzgvfcvchjlr2jq-texlive-combined-2022/share/te
xmf-var/fonts/map/pdftex/updmap/pdftex.map}

]
(./survey.aux
LaTeX Font Info:    Trying to load font information for OT1+PTSans-TLF on input
 line 5.

(/nix/store/kbg57ldwhh7s00zwl9c6dhjdfmc6igbj-texlive-combined-2022-texmfdist/te
x/latex/paratype/OT1PTSans-TLF.fd
File: OT1PTSans-TLF.fd 2011/05/04 (autoinst with patch) Font definitions for OT
1/PTSans-TLF.
))

LaTeX Font Warning: Some font shapes were not available, defaults substituted.

 ) 
Here is how much of TeX's memory you used:
 4722 strings out of 476024
 81337 string characters out of 5769556
 1861388 words of memory out of 5000000
 25105 multiletter control sequences out of 15000+600000
 552448 words of font info for 58 fonts, out of 8000000 for 9000
 1141 hyphenation exceptions out of 8191
 72i,11n,76p,312b,422s stack positions out of 10000i,1000n,20000p,200000b,200000s
{/nix/store/kbg57ldwhh7s00zwl9c6dhjdfmc6igbj-texlive-combined-2022-texmfdist/
fonts/enc/dvips/paratype/ptsans_ts1.enc}{/nix/store/kbg57ldwhh7s00zwl9c6dhjdfmc
6igbj-texlive-combined-2022-texmfdist/fonts/enc/dvips/paratype/ptsans_t2a.enc}<
/nix/store/kbg57ldwhh7s00zwl9c6dhjdfmc6igbj-texlive-combined-2022-texmfdist/fon
ts/type1/paratype/ptsans/PTS55F.pfb></nix/store/kbg57ldwhh7s00zwl9c6dhjdfmc6igb
j-texlive-combined-2022-texmfdist/fonts/type1/paratype/ptsans/PTS75F.pfb></nix/
store/kbg57ldwhh7s00zwl9c6dhjdfmc6igbj-texlive-combined-2022-texmfdist/fonts/ty
pe1/public/wasy-type1/wasy10.pfb>
Output written on survey.pdf (1 page, 44248 bytes).
PDF statistics:
 28 PDF objects out of 1000 (max. 8388607)
 17 compressed objects within 1 object stream
 0 named destinations out of 1000 (max. 500000)
 1 words of extra memory for PDF output out of 10000 (max. 10000000)

