This is XeTeX, Version 3.141592653-2.6-0.999993 (Web2C 2021/nixos.org) (preloaded format=xelatex 1980.1.1)  28 SEP 2023 12:28
entering extended mode
 restricted \write18 enabled.
 %&-line parsing enabled.
**oprosnik.tex
(./oprosnik.tex
LaTeX2e <2021-11-15> patch level 1
L3 programming layer <2022-02-24> (./survey.cls
Document Class: survey 2023/09/28 Survey Latex class

(/nix/store/529drqk0wwk573cwhqlzsvzz5nn1brqp-texlive-combined-2021/share/texmf/
tex/latex/base/article.cls
Document Class: article 2021/10/04 v1.4n Standard LaTeX document class

(/nix/store/529drqk0wwk573cwhqlzsvzz5nn1brqp-texlive-combined-2021/share/texmf/
tex/latex/base/size10.clo
File: size10.clo 2021/10/04 v1.4n Standard LaTeX file (size option)
)
\c@part=\count181
\c@section=\count182
\c@subsection=\count183
\c@subsubsection=\count184
\c@paragraph=\count185
\c@subparagraph=\count186
\c@figure=\count187
\c@table=\count188
\abovecaptionskip=\skip47
\belowcaptionskip=\skip48
\bibindent=\dimen138
)
(/nix/store/529drqk0wwk573cwhqlzsvzz5nn1brqp-texlive-combined-2021/share/texmf/
tex/latex/base/fontenc.sty
Package: fontenc 2021/04/29 v2.0v Standard LaTeX package

(/nix/store/529drqk0wwk573cwhqlzsvzz5nn1brqp-texlive-combined-2021/share/texmf/
tex/latex/cyrillic/t2aenc.def
File: t2aenc.def 2005/09/27 v1.0i Cyrillic encoding definition file
)
LaTeX Font Info:    Trying to load font information for T2A+lmr on input line 1
12.
LaTeX Font Info:    No file T2Almr.fd. on input line 112.
LaTeX Font Info:    Trying to load font information for T2A+cmr on input line 1
12.

(/nix/store/529drqk0wwk573cwhqlzsvzz5nn1brqp-texlive-combined-2021/share/texmf/
tex/latex/cyrillic/t2acmr.fd
File: t2acmr.fd 2001/08/11 v1.0a Computer Modern Cyrillic font definitions
)

LaTeX Font Warning: Font shape `T2A/lmr/m/n' undefined
(Font)              using `T2A/cmr/m/n' instead on input line 112.

)
(/nix/store/529drqk0wwk573cwhqlzsvzz5nn1brqp-texlive-combined-2021/share/texmf/
tex/latex/base/inputenc.sty
Package: inputenc 2021/02/14 v1.3d Input encoding file
\inpenc@prehook=\toks16
\inpenc@posthook=\toks17


Package inputenc Warning: inputenc package ignored with utf8 based engines.

)
(/nix/store/529drqk0wwk573cwhqlzsvzz5nn1brqp-texlive-combined-2021/share/texmf/
tex/generic/babel/babel.sty
Package: babel 2022/02/26 3.73 The Babel package
\babel@savecnt=\count189
\U@D=\dimen139
\l@unhyphenated=\language87

(/nix/store/529drqk0wwk573cwhqlzsvzz5nn1brqp-texlive-combined-2021/share/texmf/
tex/generic/babel/xebabel.def
(/nix/store/529drqk0wwk573cwhqlzsvzz5nn1brqp-texlive-combined-2021/share/texmf/
tex/generic/babel/txtbabel.def))
\bbl@readstream=\read2
\bbl@dirlevel=\count190

(/nix/store/529drqk0wwk573cwhqlzsvzz5nn1brqp-texlive-combined-2021/share/texmf/
tex/generic/babel-english/english.ldf
Language: english 2017/06/06 v3.3r English support from the babel system
Package babel Info: Hyphen rules for 'canadian' set to \l@english
(babel)             (\language0). Reported on input line 102.
Package babel Info: Hyphen rules for 'australian' set to \l@ukenglish
(babel)             (\language21). Reported on input line 105.
Package babel Info: Hyphen rules for 'newzealand' set to \l@ukenglish
(babel)             (\language21). Reported on input line 108.
)
(/nix/store/529drqk0wwk573cwhqlzsvzz5nn1brqp-texlive-combined-2021/share/texmf/
tex/generic/babel-russian/russianb.ldf
File: russianb.ldf 2021/01/10 1.3m Russian support for the Babel system
Language: russian 2020/09/09 1.3k Russian support for the Babel system
Package babel Info: Making " an active character on input line 124.
Package babel Info: Default for \cyrdash is provided on input line 163.
))
(/nix/store/529drqk0wwk573cwhqlzsvzz5nn1brqp-texlive-combined-2021/share/texmf/
tex/latex/paratype/paratype.sty
Package: paratype 2012/01/24 Style file for package paratype.

(/nix/store/529drqk0wwk573cwhqlzsvzz5nn1brqp-texlive-combined-2021/share/texmf/
tex/latex/paratype/PTSans.sty
Package: PTSans 2011/02/09 Style file for PTSans.

(/nix/store/529drqk0wwk573cwhqlzsvzz5nn1brqp-texlive-combined-2021/share/texmf/
tex/latex/graphics/keyval.sty
Package: keyval 2014/10/28 v1.15 key=value parser (DPC)
\KV@toks@=\toks18
))
(/nix/store/529drqk0wwk573cwhqlzsvzz5nn1brqp-texlive-combined-2021/share/texmf/
tex/latex/paratype/PTSerif.sty
Package: PTSerif 2011/02/10 Style file for PTSerif.
)
(/nix/store/529drqk0wwk573cwhqlzsvzz5nn1brqp-texlive-combined-2021/share/texmf/
tex/latex/paratype/PTMono.sty
Package: PTMono 2012/01/24 Style file for PTMono.
))
(/nix/store/529drqk0wwk573cwhqlzsvzz5nn1brqp-texlive-combined-2021/share/texmf/
tex/latex/geometry/geometry.sty
Package: geometry 2020/01/02 v5.9 Page Geometry

(/nix/store/529drqk0wwk573cwhqlzsvzz5nn1brqp-texlive-combined-2021/share/texmf/
tex/generic/iftex/ifvtex.sty
Package: ifvtex 2019/10/25 v1.7 ifvtex legacy package. Use iftex instead.

(/nix/store/529drqk0wwk573cwhqlzsvzz5nn1brqp-texlive-combined-2021/share/texmf/
tex/generic/iftex/iftex.sty
Package: iftex 2022/02/03 v1.0f TeX engine tests
))
\Gm@cnth=\count191
\Gm@cntv=\count192
\c@Gm@tempcnt=\count193
\Gm@bindingoffset=\dimen140
\Gm@wd@mp=\dimen141
\Gm@odd@mp=\dimen142
\Gm@even@mp=\dimen143
\Gm@layoutwidth=\dimen144
\Gm@layoutheight=\dimen145
\Gm@layouthoffset=\dimen146
\Gm@layoutvoffset=\dimen147
\Gm@dimlist=\toks19
)
(/nix/store/529drqk0wwk573cwhqlzsvzz5nn1brqp-texlive-combined-2021/share/texmf/
tex/latex/fancyhdr/fancyhdr.sty
Package: fancyhdr 2021/01/28 v4.0.1 Extensive control of page headers and foote
rs
\f@nch@headwidth=\skip49
\f@nch@O@elh=\skip50
\f@nch@O@erh=\skip51
\f@nch@O@olh=\skip52
\f@nch@O@orh=\skip53
\f@nch@O@elf=\skip54
\f@nch@O@erf=\skip55
\f@nch@O@olf=\skip56
\f@nch@O@orf=\skip57
)
(/nix/store/529drqk0wwk573cwhqlzsvzz5nn1brqp-texlive-combined-2021/share/texmf/
tex/latex/wasysym/wasysym.sty
Package: wasysym 2020/01/19 v2.4 Wasy-2 symbol support package
\symwasy=\mathgroup4
LaTeX Font Info:    Overwriting symbol font `wasy' in version `bold'
(Font)                  U/wasy/m/n --> U/wasy/b/n on input line 93.
)
(/nix/store/529drqk0wwk573cwhqlzsvzz5nn1brqp-texlive-combined-2021/share/texmf/
tex/latex/enumitem/enumitem.sty
Package: enumitem 2019/06/20 v3.9 Customized lists
\labelindent=\skip58
\enit@outerparindent=\dimen148
\enit@toks=\toks20
\enit@inbox=\box50
\enit@count@id=\count194
\enitdp@description=\count195
)
(/nix/store/529drqk0wwk573cwhqlzsvzz5nn1brqp-texlive-combined-2021/share/texmf/
tex/latex/graphics/color.sty
Package: color 2021/12/07 v1.3c Standard LaTeX Color (DPC)

(/nix/store/529drqk0wwk573cwhqlzsvzz5nn1brqp-texlive-combined-2021/share/texmf/
tex/latex/graphics-cfg/color.cfg
File: color.cfg 2016/01/02 v1.6 sample color configuration
)
Package color Info: Driver file: xetex.def on input line 149.

(/nix/store/529drqk0wwk573cwhqlzsvzz5nn1brqp-texlive-combined-2021/share/texmf/
tex/latex/graphics-def/xetex.def
File: xetex.def 2021/03/18 v5.0k Graphics/color driver for xetex
))
(/nix/store/529drqk0wwk573cwhqlzsvzz5nn1brqp-texlive-combined-2021/share/texmf/
tex/latex/forloop/forloop.sty
Package: forloop 2006/09/18 v3.0 For Loops for LaTeX

(/nix/store/529drqk0wwk573cwhqlzsvzz5nn1brqp-texlive-combined-2021/share/texmf/
tex/latex/base/ifthen.sty
Package: ifthen 2020/11/24 v1.1c Standard LaTeX ifthen package (DPC)
))
LaTeX Font Info:    Trying to load font information for T2A+PTSans-TLF on input
 line 26.

(/nix/store/529drqk0wwk573cwhqlzsvzz5nn1brqp-texlive-combined-2021/share/texmf/
tex/latex/paratype/T2APTSans-TLF.fd
File: T2APTSans-TLF.fd 2011/05/04 (autoinst with patch) Font definitions for T2
A/PTSans-TLF.
)
\c@qr=\count196
\c@ql=\count197
\qt=\skip59
\c@itemnummer=\count198
\c@itemoddeven=\count199
\gb=\skip60
)
LaTeX Font Info:    Trying to load font information for T2A+Dejavu on input lin
e 3.
LaTeX Font Info:    No file T2ADejavu.fd. on input line 3.


LaTeX Font Warning: Font shape `T2A/Dejavu/m/n' undefined
(Font)              using `T2A/cmr/m/n' instead on input line 3.

LaTeX Font Info:    Trying to load font information for T2A+PTSerif-TLF on inpu
t line 16.

(/nix/store/529drqk0wwk573cwhqlzsvzz5nn1brqp-texlive-combined-2021/share/texmf/
tex/latex/paratype/T2APTSerif-TLF.fd
File: T2APTSerif-TLF.fd 2014/02/02 Font definitions for T2A/PTSerif-TLF.
)
(/nix/store/529drqk0wwk573cwhqlzsvzz5nn1brqp-texlive-combined-2021/share/texmf/
tex/latex/l3backend/l3backend-xetex.def
File: l3backend-xetex.def 2022-02-07 L3 backend support: XeTeX
 (|extractbb --version)
\c__kernel_sys_dvipdfmx_version_int=\count266
\l__color_backend_stack_int=\count267
\g__color_backend_stack_int=\count268
\g__graphics_track_int=\count269
\l__pdf_internal_box=\box51
\g__pdf_backend_object_int=\count270
\g__pdf_backend_annotation_int=\count271
\g__pdf_backend_link_int=\count272
) (./oprosnik.aux)
\openout1 = `oprosnik.aux'.

LaTeX Font Info:    Checking defaults for OML/cmm/m/it on input line 16.
LaTeX Font Info:    ... okay on input line 16.
LaTeX Font Info:    Checking defaults for OMS/cmsy/m/n on input line 16.
LaTeX Font Info:    ... okay on input line 16.
LaTeX Font Info:    Checking defaults for OT1/cmr/m/n on input line 16.
LaTeX Font Info:    ... okay on input line 16.
LaTeX Font Info:    Checking defaults for T1/cmr/m/n on input line 16.
LaTeX Font Info:    ... okay on input line 16.
LaTeX Font Info:    Checking defaults for TS1/cmr/m/n on input line 16.
LaTeX Font Info:    Trying to load font information for TS1+cmr on input line 1
6.

(/nix/store/529drqk0wwk573cwhqlzsvzz5nn1brqp-texlive-combined-2021/share/texmf/
tex/latex/base/ts1cmr.fd
File: ts1cmr.fd 2019/12/16 v2.5j Standard LaTeX font definitions
)
LaTeX Font Info:    ... okay on input line 16.
LaTeX Font Info:    Checking defaults for TU/lmr/m/n on input line 16.
LaTeX Font Info:    ... okay on input line 16.
LaTeX Font Info:    Checking defaults for OMX/cmex/m/n on input line 16.
LaTeX Font Info:    ... okay on input line 16.
LaTeX Font Info:    Checking defaults for U/cmr/m/n on input line 16.
LaTeX Font Info:    ... okay on input line 16.
LaTeX Font Info:    Checking defaults for T2A/cmr/m/n on input line 16.
LaTeX Font Info:    ... okay on input line 16.
LaTeX Info: Redefining \th on input line 16.

*geometry* driver: auto-detecting
*geometry* detected driver: xetex
*geometry* verbose mode - [ preamble ] result:
* driver: xetex
* paper: a4paper
* layout: <same size as paper>
* layoutoffset:(h,v)=(0.0pt,0.0pt)
* modes: 
* h-part:(L,W,R)=(2.0pt, 505.88078pt, 89.62709pt)
* v-part:(T,H,B)=(101.40665pt, 591.5302pt, 152.11pt)
* \paperwidth=597.50787pt
* \paperheight=845.04684pt
* \textwidth=505.88078pt
* \textheight=591.5302pt
* \oddsidemargin=-70.26999pt
* \evensidemargin=-70.26999pt
* \topmargin=-7.86334pt
* \headheight=12.0pt
* \headsep=25.0pt
* \topskip=10.0pt
* \footskip=30.0pt
* \marginparwidth=65.0pt
* \marginparsep=11.0pt
* \columnsep=10.0pt
* \skip\footins=9.0pt plus 4.0pt minus 2.0pt
* \hoffset=0.0pt
* \voffset=0.0pt
* \mag=1000
* \@twocolumnfalse
* \@twosidefalse
* \@mparswitchfalse
* \@reversemarginfalse
* (1in=72.27pt=25.4mm, 1cm=28.453pt)

Missing character: There is no С ("421) in font PTSerif-Bold-tlf-t2a!
Missing character: There is no т ("442) in font PTSerif-Bold-tlf-t2a!
Missing character: There is no р ("440) in font PTSerif-Bold-tlf-t2a!
Missing character: There is no а ("430) in font PTSerif-Bold-tlf-t2a!
Missing character: There is no д ("434) in font PTSerif-Bold-tlf-t2a!
Missing character: There is no а ("430) in font PTSerif-Bold-tlf-t2a!
Missing character: There is no ю ("44E) in font PTSerif-Bold-tlf-t2a!
Missing character: There is no л ("43B) in font PTSerif-Bold-tlf-t2a!
Missing character: There is no и ("438) in font PTSerif-Bold-tlf-t2a!
Missing character: There is no я ("44F) in font PTSerif-Bold-tlf-t2a!
Missing character: There is no п ("43F) in font PTSerif-Bold-tlf-t2a!
Missing character: There is no о ("43E) in font PTSerif-Bold-tlf-t2a!
Missing character: There is no с ("441) in font PTSerif-Bold-tlf-t2a!
Missing character: There is no т ("442) in font PTSerif-Bold-tlf-t2a!
Missing character: There is no т ("442) in font PTSerif-Bold-tlf-t2a!
Missing character: There is no р ("440) in font PTSerif-Bold-tlf-t2a!
Missing character: There is no а ("430) in font PTSerif-Bold-tlf-t2a!
Missing character: There is no в ("432) in font PTSerif-Bold-tlf-t2a!
Missing character: There is no м ("43C) in font PTSerif-Bold-tlf-t2a!
Missing character: There is no а ("430) in font PTSerif-Bold-tlf-t2a!
Missing character: There is no т ("442) in font PTSerif-Bold-tlf-t2a!
Missing character: There is no и ("438) in font PTSerif-Bold-tlf-t2a!
Missing character: There is no ч ("447) in font PTSerif-Bold-tlf-t2a!
Missing character: There is no е ("435) in font PTSerif-Bold-tlf-t2a!
Missing character: There is no с ("441) in font PTSerif-Bold-tlf-t2a!
Missing character: There is no к ("43A) in font PTSerif-Bold-tlf-t2a!
Missing character: There is no и ("438) in font PTSerif-Bold-tlf-t2a!
Missing character: There is no м ("43C) in font PTSerif-Bold-tlf-t2a!
Missing character: There is no с ("441) in font PTSerif-Bold-tlf-t2a!
Missing character: There is no т ("442) in font PTSerif-Bold-tlf-t2a!
Missing character: There is no р ("440) in font PTSerif-Bold-tlf-t2a!
Missing character: There is no е ("435) in font PTSerif-Bold-tlf-t2a!
Missing character: There is no с ("441) in font PTSerif-Bold-tlf-t2a!
Missing character: There is no с ("441) in font PTSerif-Bold-tlf-t2a!
Missing character: There is no о ("43E) in font PTSerif-Bold-tlf-t2a!
Missing character: There is no в ("432) in font PTSerif-Bold-tlf-t2a!
Missing character: There is no ы ("44B) in font PTSerif-Bold-tlf-t2a!
Missing character: There is no м ("43C) in font PTSerif-Bold-tlf-t2a!
Missing character: There is no р ("440) in font PTSerif-Bold-tlf-t2a!
Missing character: There is no а ("430) in font PTSerif-Bold-tlf-t2a!
Missing character: There is no с ("441) in font PTSerif-Bold-tlf-t2a!
Missing character: There is no с ("441) in font PTSerif-Bold-tlf-t2a!
Missing character: There is no т ("442) in font PTSerif-Bold-tlf-t2a!
Missing character: There is no р ("440) in font PTSerif-Bold-tlf-t2a!
Missing character: There is no о ("43E) in font PTSerif-Bold-tlf-t2a!
Missing character: There is no й ("439) in font PTSerif-Bold-tlf-t2a!
Missing character: There is no с ("441) in font PTSerif-Bold-tlf-t2a!
Missing character: There is no т ("442) in font PTSerif-Bold-tlf-t2a!
Missing character: There is no в ("432) in font PTSerif-Bold-tlf-t2a!
Missing character: There is no о ("43E) in font PTSerif-Bold-tlf-t2a!
Missing character: There is no м ("43C) in font PTSerif-Bold-tlf-t2a!
Missing character: There is no П ("41F) in font PTSerif-Bold-tlf-t2a!
Missing character: There is no Т ("422) in font PTSerif-Bold-tlf-t2a!
Missing character: There is no С ("421) in font PTSerif-Bold-tlf-t2a!
Missing character: There is no Р ("420) in font PTSerif-Bold-tlf-t2a!
Missing character: There is no Д ("414) in font PTSerif-Regular-tlf-t2a!
Missing character: There is no а ("430) in font PTSerif-Regular-tlf-t2a!
Missing character: There is no н ("43D) in font PTSerif-Regular-tlf-t2a!
Missing character: There is no н ("43D) in font PTSerif-Regular-tlf-t2a!
Missing character: There is no ы ("44B) in font PTSerif-Regular-tlf-t2a!
Missing character: There is no й ("439) in font PTSerif-Regular-tlf-t2a!
Missing character: There is no о ("43E) in font PTSerif-Regular-tlf-t2a!
Missing character: There is no п ("43F) in font PTSerif-Regular-tlf-t2a!
Missing character: There is no р ("440) in font PTSerif-Regular-tlf-t2a!
Missing character: There is no о ("43E) in font PTSerif-Regular-tlf-t2a!
Missing character: There is no с ("441) in font PTSerif-Regular-tlf-t2a!
Missing character: There is no н ("43D) in font PTSerif-Regular-tlf-t2a!
Missing character: There is no и ("438) in font PTSerif-Regular-tlf-t2a!
Missing character: There is no к ("43A) in font PTSerif-Regular-tlf-t2a!
Missing character: There is no с ("441) in font PTSerif-Regular-tlf-t2a!
Missing character: There is no о ("43E) in font PTSerif-Regular-tlf-t2a!
Missing character: There is no з ("437) in font PTSerif-Regular-tlf-t2a!
Missing character: There is no д ("434) in font PTSerif-Regular-tlf-t2a!
Missing character: There is no а ("430) in font PTSerif-Regular-tlf-t2a!
Missing character: There is no н ("43D) in font PTSerif-Regular-tlf-t2a!
Missing character: There is no с ("441) in font PTSerif-Regular-tlf-t2a!
Missing character: There is no ц ("446) in font PTSerif-Regular-tlf-t2a!
Missing character: There is no е ("435) in font PTSerif-Regular-tlf-t2a!
Missing character: There is no л ("43B) in font PTSerif-Regular-tlf-t2a!
Missing character: There is no ь ("44C) in font PTSerif-Regular-tlf-t2a!
Missing character: There is no ю ("44E) in font PTSerif-Regular-tlf-t2a!
Missing character: There is no п ("43F) in font PTSerif-Regular-tlf-t2a!
Missing character: There is no о ("43E) in font PTSerif-Regular-tlf-t2a!
Missing character: There is no м ("43C) in font PTSerif-Regular-tlf-t2a!
Missing character: There is no о ("43E) in font PTSerif-Regular-tlf-t2a!
Missing character: There is no ч ("447) in font PTSerif-Regular-tlf-t2a!
Missing character: There is no ь ("44C) in font PTSerif-Regular-tlf-t2a!
Missing character: There is no к ("43A) in font PTSerif-Regular-tlf-t2a!
Missing character: There is no л ("43B) in font PTSerif-Regular-tlf-t2a!
Missing character: There is no и ("438) in font PTSerif-Regular-tlf-t2a!
Missing character: There is no е ("435) in font PTSerif-Regular-tlf-t2a!
Missing character: There is no н ("43D) in font PTSerif-Regular-tlf-t2a!
Missing character: There is no т ("442) in font PTSerif-Regular-tlf-t2a!
Missing character: There is no а ("430) in font PTSerif-Regular-tlf-t2a!
Missing character: There is no м ("43C) in font PTSerif-Regular-tlf-t2a!
Missing character: There is no о ("43E) in font PTSerif-Regular-tlf-t2a!
Missing character: There is no ц ("446) in font PTSerif-Regular-tlf-t2a!
Missing character: There is no е ("435) in font PTSerif-Regular-tlf-t2a!
Missing character: There is no н ("43D) in font PTSerif-Regular-tlf-t2a!
Missing character: There is no и ("438) in font PTSerif-Regular-tlf-t2a!
Missing character: There is no т ("442) in font PTSerif-Regular-tlf-t2a!
Missing character: There is no ь ("44C) in font PTSerif-Regular-tlf-t2a!
Missing character: There is no с ("441) in font PTSerif-Regular-tlf-t2a!
Missing character: There is no в ("432) in font PTSerif-Regular-tlf-t2a!
Missing character: There is no о ("43E) in font PTSerif-Regular-tlf-t2a!
Missing character: There is no й ("439) in font PTSerif-Regular-tlf-t2a!
Missing character: There is no о ("43E) in font PTSerif-Regular-tlf-t2a!
Missing character: There is no п ("43F) in font PTSerif-Regular-tlf-t2a!
Missing character: There is no ы ("44B) in font PTSerif-Regular-tlf-t2a!
Missing character: There is no т ("442) in font PTSerif-Regular-tlf-t2a!
Missing character: There is no и ("438) in font PTSerif-Regular-tlf-t2a!
Missing character: There is no п ("43F) in font PTSerif-Regular-tlf-t2a!
Missing character: There is no о ("43E) in font PTSerif-Regular-tlf-t2a!
Missing character: There is no н ("43D) in font PTSerif-Regular-tlf-t2a!
Missing character: There is no я ("44F) in font PTSerif-Regular-tlf-t2a!
Missing character: There is no т ("442) in font PTSerif-Regular-tlf-t2a!
Missing character: There is no ь ("44C) in font PTSerif-Regular-tlf-t2a!
Missing character: There is no т ("442) in font PTSerif-Regular-tlf-t2a!
Missing character: There is no р ("440) in font PTSerif-Regular-tlf-t2a!
Missing character: There is no е ("435) in font PTSerif-Regular-tlf-t2a!
Missing character: There is no б ("431) in font PTSerif-Regular-tlf-t2a!
Missing character: There is no у ("443) in font PTSerif-Regular-tlf-t2a!
Missing character: There is no е ("435) in font PTSerif-Regular-tlf-t2a!
Missing character: There is no т ("442) in font PTSerif-Regular-tlf-t2a!
Missing character: There is no л ("43B) in font PTSerif-Regular-tlf-t2a!
Missing character: There is no и ("438) in font PTSerif-Regular-tlf-t2a!
Missing character: There is no о ("43E) in font PTSerif-Regular-tlf-t2a!
Missing character: There is no н ("43D) in font PTSerif-Regular-tlf-t2a!
Missing character: There is no д ("434) in font PTSerif-Regular-tlf-t2a!
Missing character: There is no а ("430) in font PTSerif-Regular-tlf-t2a!
Missing character: There is no л ("43B) in font PTSerif-Regular-tlf-t2a!
Missing character: There is no ь ("44C) in font PTSerif-Regular-tlf-t2a!
Missing character: There is no н ("43D) in font PTSerif-Regular-tlf-t2a!
Missing character: There is no е ("435) in font PTSerif-Regular-tlf-t2a!
Missing character: There is no й ("439) in font PTSerif-Regular-tlf-t2a!
Missing character: There is no ш ("448) in font PTSerif-Regular-tlf-t2a!
Missing character: There is no е ("435) in font PTSerif-Regular-tlf-t2a!
Missing character: There is no й ("439) in font PTSerif-Regular-tlf-t2a!
Missing character: There is no п ("43F) in font PTSerif-Regular-tlf-t2a!
Missing character: There is no р ("440) in font PTSerif-Regular-tlf-t2a!
Missing character: There is no о ("43E) in font PTSerif-Regular-tlf-t2a!
Missing character: There is no р ("440) in font PTSerif-Regular-tlf-t2a!
Missing character: There is no а ("430) in font PTSerif-Regular-tlf-t2a!
Missing character: There is no б ("431) in font PTSerif-Regular-tlf-t2a!
Missing character: There is no о ("43E) in font PTSerif-Regular-tlf-t2a!
Missing character: There is no т ("442) in font PTSerif-Regular-tlf-t2a!
Missing character: There is no к ("43A) in font PTSerif-Regular-tlf-t2a!
Missing character: There is no и ("438) in font PTSerif-Regular-tlf-t2a!
Missing character: There is no с ("441) in font PTSerif-Regular-tlf-t2a!
Missing character: There is no о ("43E) in font PTSerif-Regular-tlf-t2a!
Missing character: There is no с ("441) in font PTSerif-Regular-tlf-t2a!
Missing character: There is no п ("43F) in font PTSerif-Regular-tlf-t2a!
Missing character: There is no е ("435) in font PTSerif-Regular-tlf-t2a!
Missing character: There is no ц ("446) in font PTSerif-Regular-tlf-t2a!
Missing character: There is no и ("438) in font PTSerif-Regular-tlf-t2a!
Missing character: There is no а ("430) in font PTSerif-Regular-tlf-t2a!
Missing character: There is no л ("43B) in font PTSerif-Regular-tlf-t2a!
Missing character: There is no и ("438) in font PTSerif-Regular-tlf-t2a!
Missing character: There is no с ("441) in font PTSerif-Regular-tlf-t2a!
Missing character: There is no т ("442) in font PTSerif-Regular-tlf-t2a!
Missing character: There is no о ("43E) in font PTSerif-Regular-tlf-t2a!
Missing character: There is no м ("43C) in font PTSerif-Regular-tlf-t2a!
Missing character: There is no И ("418) in font PTSerif-Regular-tlf-t2a!
Missing character: There is no с ("441) in font PTSerif-Regular-tlf-t2a!
Missing character: There is no п ("43F) in font PTSerif-Regular-tlf-t2a!
Missing character: There is no ы ("44B) in font PTSerif-Regular-tlf-t2a!
Missing character: There is no т ("442) in font PTSerif-Regular-tlf-t2a!
Missing character: There is no ы ("44B) in font PTSerif-Regular-tlf-t2a!
Missing character: There is no в ("432) in font PTSerif-Regular-tlf-t2a!
Missing character: There is no а ("430) in font PTSerif-Regular-tlf-t2a!
Missing character: There is no л ("43B) in font PTSerif-Regular-tlf-t2a!
Missing character: There is no и ("438) in font PTSerif-Regular-tlf-t2a!
Missing character: There is no л ("43B) in font PTSerif-Regular-tlf-t2a!
Missing character: There is no и ("438) in font PTSerif-Regular-tlf-t2a!
Missing character: There is no В ("412) in font PTSerif-Regular-tlf-t2a!
Missing character: There is no ы ("44B) in font PTSerif-Regular-tlf-t2a!
Missing character: There is no ч ("447) in font PTSerif-Regular-tlf-t2a!
Missing character: There is no т ("442) in font PTSerif-Regular-tlf-t2a!
Missing character: There is no о ("43E) in font PTSerif-Regular-tlf-t2a!
Missing character: There is no т ("442) in font PTSerif-Regular-tlf-t2a!
Missing character: There is no о ("43E) in font PTSerif-Regular-tlf-t2a!
Missing character: There is no п ("43F) in font PTSerif-Regular-tlf-t2a!
Missing character: There is no у ("443) in font PTSerif-Regular-tlf-t2a!
Missing character: There is no г ("433) in font PTSerif-Regular-tlf-t2a!
Missing character: There is no а ("430) in font PTSerif-Regular-tlf-t2a!
Missing character: There is no ю ("44E) in font PTSerif-Regular-tlf-t2a!
Missing character: There is no щ ("449) in font PTSerif-Regular-tlf-t2a!
Missing character: There is no е ("435) in font PTSerif-Regular-tlf-t2a!
Missing character: There is no е ("435) in font PTSerif-Regular-tlf-t2a!
Missing character: There is no у ("443) in font PTSerif-Regular-tlf-t2a!
Missing character: There is no ж ("436) in font PTSerif-Regular-tlf-t2a!
Missing character: There is no а ("430) in font PTSerif-Regular-tlf-t2a!
Missing character: There is no с ("441) in font PTSerif-Regular-tlf-t2a!
Missing character: There is no н ("43D) in font PTSerif-Regular-tlf-t2a!
Missing character: There is no о ("43E) in font PTSerif-Regular-tlf-t2a!
Missing character: There is no е ("435) in font PTSerif-Regular-tlf-t2a!
Missing character: There is no и ("438) in font PTSerif-Regular-tlf-t2a!
Missing character: There is no л ("43B) in font PTSerif-Regular-tlf-t2a!
Missing character: There is no и ("438) in font PTSerif-Regular-tlf-t2a!
Missing character: There is no т ("442) in font PTSerif-Regular-tlf-t2a!
Missing character: There is no р ("440) in font PTSerif-Regular-tlf-t2a!
Missing character: There is no а ("430) in font PTSerif-Regular-tlf-t2a!
Missing character: There is no в ("432) in font PTSerif-Regular-tlf-t2a!
Missing character: There is no м ("43C) in font PTSerif-Regular-tlf-t2a!
Missing character: There is no и ("438) in font PTSerif-Regular-tlf-t2a!
Missing character: There is no р ("440) in font PTSerif-Regular-tlf-t2a!
Missing character: There is no у ("443) in font PTSerif-Regular-tlf-t2a!
Missing character: There is no ю ("44E) in font PTSerif-Regular-tlf-t2a!
Missing character: There is no щ ("449) in font PTSerif-Regular-tlf-t2a!
Missing character: There is no е ("435) in font PTSerif-Regular-tlf-t2a!
Missing character: There is no е ("435) in font PTSerif-Regular-tlf-t2a!
Missing character: There is no Н ("41D) in font PTSerif-Regular-tlf-t2a!
Missing character: There is no а ("430) in font PTSerif-Regular-tlf-t2a!
Missing character: There is no п ("43F) in font PTSerif-Regular-tlf-t2a!
Missing character: There is no р ("440) in font PTSerif-Regular-tlf-t2a!
Missing character: There is no и ("438) in font PTSerif-Regular-tlf-t2a!
Missing character: There is no м ("43C) in font PTSerif-Regular-tlf-t2a!
Missing character: There is no е ("435) in font PTSerif-Regular-tlf-t2a!
Missing character: There is no р ("440) in font PTSerif-Regular-tlf-t2a!
Missing character: There is no п ("43F) in font PTSerif-Regular-tlf-t2a!
Missing character: There is no о ("43E) in font PTSerif-Regular-tlf-t2a!
Missing character: There is no п ("43F) in font PTSerif-Regular-tlf-t2a!
Missing character: There is no а ("430) in font PTSerif-Regular-tlf-t2a!
Missing character: There is no д ("434) in font PTSerif-Regular-tlf-t2a!
Missing character: There is no а ("430) in font PTSerif-Regular-tlf-t2a!
Missing character: There is no л ("43B) in font PTSerif-Regular-tlf-t2a!
Missing character: There is no и ("438) in font PTSerif-Regular-tlf-t2a!
Missing character: There is no л ("43B) in font PTSerif-Regular-tlf-t2a!
Missing character: There is no и ("438) in font PTSerif-Regular-tlf-t2a!
Missing character: There is no В ("412) in font PTSerif-Regular-tlf-t2a!
Missing character: There is no ы ("44B) in font PTSerif-Regular-tlf-t2a!
Missing character: There is no в ("432) in font PTSerif-Regular-tlf-t2a!
Missing character: There is no а ("430) in font PTSerif-Regular-tlf-t2a!
Missing character: There is no в ("432) in font PTSerif-Regular-tlf-t2a!
Missing character: There is no а ("430) in font PTSerif-Regular-tlf-t2a!
Missing character: There is no р ("440) in font PTSerif-Regular-tlf-t2a!
Missing character: There is no и ("438) in font PTSerif-Regular-tlf-t2a!
Missing character: There is no ю ("44E) in font PTSerif-Regular-tlf-t2a!
Missing character: There is no П ("41F) in font PTSerif-Regular-tlf-t2a!
Missing character: There is no о ("43E) in font PTSerif-Regular-tlf-t2a!
Missing character: There is no д ("434) in font PTSerif-Regular-tlf-t2a!
Missing character: There is no в ("432) in font PTSerif-Regular-tlf-t2a!
Missing character: There is no е ("435) in font PTSerif-Regular-tlf-t2a!
Missing character: There is no р ("440) in font PTSerif-Regular-tlf-t2a!
Missing character: There is no г ("433) in font PTSerif-Regular-tlf-t2a!
Missing character: There is no а ("430) in font PTSerif-Regular-tlf-t2a!
Missing character: There is no л ("43B) in font PTSerif-Regular-tlf-t2a!
Missing character: There is no и ("438) in font PTSerif-Regular-tlf-t2a!
Missing character: There is no с ("441) in font PTSerif-Regular-tlf-t2a!
Missing character: There is no ь ("44C) in font PTSerif-Regular-tlf-t2a!
Missing character: There is no л ("43B) in font PTSerif-Regular-tlf-t2a!
Missing character: There is no и ("438) in font PTSerif-Regular-tlf-t2a!
Missing character: There is no ф ("444) in font PTSerif-Regular-tlf-t2a!
Missing character: There is no и ("438) in font PTSerif-Regular-tlf-t2a!
Missing character: There is no з ("437) in font PTSerif-Regular-tlf-t2a!
Missing character: There is no и ("438) in font PTSerif-Regular-tlf-t2a!
Missing character: There is no ч ("447) in font PTSerif-Regular-tlf-t2a!
Missing character: There is no е ("435) in font PTSerif-Regular-tlf-t2a!
Missing character: There is no с ("441) in font PTSerif-Regular-tlf-t2a!
Missing character: There is no к ("43A) in font PTSerif-Regular-tlf-t2a!
Missing character: There is no о ("43E) in font PTSerif-Regular-tlf-t2a!
Missing character: There is no м ("43C) in font PTSerif-Regular-tlf-t2a!
Missing character: There is no у ("443) in font PTSerif-Regular-tlf-t2a!
Missing character: There is no и ("438) in font PTSerif-Regular-tlf-t2a!
Missing character: There is no л ("43B) in font PTSerif-Regular-tlf-t2a!
Missing character: There is no и ("438) in font PTSerif-Regular-tlf-t2a!
Missing character: There is no с ("441) in font PTSerif-Regular-tlf-t2a!
Missing character: There is no е ("435) in font PTSerif-Regular-tlf-t2a!
Missing character: There is no к ("43A) in font PTSerif-Regular-tlf-t2a!
Missing character: There is no с ("441) in font PTSerif-Regular-tlf-t2a!
Missing character: There is no у ("443) in font PTSerif-Regular-tlf-t2a!
Missing character: There is no а ("430) in font PTSerif-Regular-tlf-t2a!
Missing character: There is no л ("43B) in font PTSerif-Regular-tlf-t2a!
Missing character: There is no и ("438) in font PTSerif-Regular-tlf-t2a!
Missing character: There is no з ("437) in font PTSerif-Regular-tlf-t2a!
Missing character: There is no и ("438) in font PTSerif-Regular-tlf-t2a!
Missing character: There is no р ("440) in font PTSerif-Regular-tlf-t2a!
Missing character: There is no о ("43E) in font PTSerif-Regular-tlf-t2a!
Missing character: There is no в ("432) in font PTSerif-Regular-tlf-t2a!
Missing character: There is no а ("430) in font PTSerif-Regular-tlf-t2a!
Missing character: There is no н ("43D) in font PTSerif-Regular-tlf-t2a!
Missing character: There is no н ("43D) in font PTSerif-Regular-tlf-t2a!
Missing character: There is no о ("43E) in font PTSerif-Regular-tlf-t2a!
Missing character: There is no м ("43C) in font PTSerif-Regular-tlf-t2a!
Missing character: There is no у ("443) in font PTSerif-Regular-tlf-t2a!
Missing character: There is no н ("43D) in font PTSerif-Regular-tlf-t2a!
Missing character: There is no а ("430) in font PTSerif-Regular-tlf-t2a!
Missing character: There is no с ("441) in font PTSerif-Regular-tlf-t2a!
Missing character: There is no и ("438) in font PTSerif-Regular-tlf-t2a!
Missing character: There is no л ("43B) in font PTSerif-Regular-tlf-t2a!
Missing character: There is no и ("438) in font PTSerif-Regular-tlf-t2a!
Missing character: There is no ю ("44E) in font PTSerif-Regular-tlf-t2a!
LaTeX Font Info:    External font `cmex10' loaded for size
(Font)              <7> on input line 29.
LaTeX Font Info:    External font `cmex10' loaded for size
(Font)              <5> on input line 29.
LaTeX Font Info:    Trying to load font information for U+wasy on input line 29
.

(/nix/store/529drqk0wwk573cwhqlzsvzz5nn1brqp-texlive-combined-2021/share/texmf/
tex/latex/wasysym/uwasy.fd
File: uwasy.fd 2020/01/19 v2.4 Wasy-2 symbol font definitions
)
Missing character: There is no Д ("414) in font PTSerif-Regular-tlf-t2a!
Missing character: There is no а ("430) in font PTSerif-Regular-tlf-t2a!
Missing character: There is no Н ("41D) in font PTSerif-Regular-tlf-t2a!
Missing character: There is no е ("435) in font PTSerif-Regular-tlf-t2a!
Missing character: There is no т ("442) in font PTSerif-Regular-tlf-t2a!

Overfull \hbox (7.75pt too wide) in paragraph at lines 29--30
[][][][][][]
 []


Underfull \hbox (badness 10000) in paragraph at lines 29--30

 []

Missing character: There is no Е ("415) in font PTSerif-Regular-tlf-t2a!
Missing character: There is no с ("441) in font PTSerif-Regular-tlf-t2a!
Missing character: There is no л ("43B) in font PTSerif-Regular-tlf-t2a!
Missing character: There is no и ("438) in font PTSerif-Regular-tlf-t2a!
Missing character: There is no В ("412) in font PTSerif-Regular-tlf-t2a!
Missing character: There is no ы ("44B) in font PTSerif-Regular-tlf-t2a!
Missing character: There is no о ("43E) in font PTSerif-Regular-tlf-t2a!
Missing character: There is no т ("442) in font PTSerif-Regular-tlf-t2a!
Missing character: There is no в ("432) in font PTSerif-Regular-tlf-t2a!
Missing character: There is no е ("435) in font PTSerif-Regular-tlf-t2a!
Missing character: There is no т ("442) in font PTSerif-Regular-tlf-t2a!
Missing character: There is no и ("438) in font PTSerif-Regular-tlf-t2a!
Missing character: There is no л ("43B) in font PTSerif-Regular-tlf-t2a!
Missing character: There is no и ("438) in font PTSerif-Regular-tlf-t2a!
Missing character: There is no д ("434) in font PTSerif-Regular-tlf-t2a!
Missing character: There is no а ("430) in font PTSerif-Regular-tlf-t2a!
Missing character: There is no т ("442) in font PTSerif-Regular-tlf-t2a!
Missing character: There is no о ("43E) in font PTSerif-Regular-tlf-t2a!
Missing character: There is no о ("43E) in font PTSerif-Regular-tlf-t2a!
Missing character: There is no т ("442) in font PTSerif-Regular-tlf-t2a!
Missing character: There is no в ("432) in font PTSerif-Regular-tlf-t2a!
Missing character: There is no е ("435) in font PTSerif-Regular-tlf-t2a!
Missing character: There is no т ("442) in font PTSerif-Regular-tlf-t2a!
Missing character: There is no ь ("44C) in font PTSerif-Regular-tlf-t2a!
Missing character: There is no т ("442) in font PTSerif-Regular-tlf-t2a!
Missing character: There is no е ("435) in font PTSerif-Regular-tlf-t2a!
Missing character: There is no п ("43F) in font PTSerif-Regular-tlf-t2a!
Missing character: There is no о ("43E) in font PTSerif-Regular-tlf-t2a!
Missing character: There is no ж ("436) in font PTSerif-Regular-tlf-t2a!
Missing character: There is no а ("430) in font PTSerif-Regular-tlf-t2a!
Missing character: There is no л ("43B) in font PTSerif-Regular-tlf-t2a!
Missing character: There is no у ("443) in font PTSerif-Regular-tlf-t2a!
Missing character: There is no й ("439) in font PTSerif-Regular-tlf-t2a!
Missing character: There is no с ("441) in font PTSerif-Regular-tlf-t2a!
Missing character: There is no т ("442) in font PTSerif-Regular-tlf-t2a!
Missing character: There is no а ("430) in font PTSerif-Regular-tlf-t2a!
Missing character: There is no н ("43D) in font PTSerif-Regular-tlf-t2a!
Missing character: There is no а ("430) in font PTSerif-Regular-tlf-t2a!
Missing character: There is no с ("441) in font PTSerif-Regular-tlf-t2a!
Missing character: There is no л ("43B) in font PTSerif-Regular-tlf-t2a!
Missing character: There is no е ("435) in font PTSerif-Regular-tlf-t2a!
Missing character: There is no д ("434) in font PTSerif-Regular-tlf-t2a!
Missing character: There is no у ("443) in font PTSerif-Regular-tlf-t2a!
Missing character: There is no ю ("44E) in font PTSerif-Regular-tlf-t2a!
Missing character: There is no щ ("449) in font PTSerif-Regular-tlf-t2a!
Missing character: There is no и ("438) in font PTSerif-Regular-tlf-t2a!
Missing character: There is no е ("435) in font PTSerif-Regular-tlf-t2a!
Missing character: There is no в ("432) in font PTSerif-Regular-tlf-t2a!
Missing character: There is no о ("43E) in font PTSerif-Regular-tlf-t2a!
Missing character: There is no п ("43F) in font PTSerif-Regular-tlf-t2a!
Missing character: There is no р ("440) in font PTSerif-Regular-tlf-t2a!
Missing character: There is no о ("43E) in font PTSerif-Regular-tlf-t2a!
Missing character: There is no с ("441) in font PTSerif-Regular-tlf-t2a!
Missing character: There is no ы ("44B) in font PTSerif-Regular-tlf-t2a!
Missing character: There is no о ("43E) in font PTSerif-Regular-tlf-t2a!
Missing character: There is no с ("441) in font PTSerif-Regular-tlf-t2a!
Missing character: There is no в ("432) in font PTSerif-Regular-tlf-t2a!
Missing character: There is no о ("43E) in font PTSerif-Regular-tlf-t2a!
Missing character: There is no е ("435) in font PTSerif-Regular-tlf-t2a!
Missing character: There is no м ("43C) in font PTSerif-Regular-tlf-t2a!
Missing character: There is no с ("441) in font PTSerif-Regular-tlf-t2a!
Missing character: There is no о ("43E) in font PTSerif-Regular-tlf-t2a!
Missing character: There is no с ("441) in font PTSerif-Regular-tlf-t2a!
Missing character: There is no т ("442) in font PTSerif-Regular-tlf-t2a!
Missing character: There is no о ("43E) in font PTSerif-Regular-tlf-t2a!
Missing character: There is no я ("44F) in font PTSerif-Regular-tlf-t2a!
Missing character: There is no н ("43D) in font PTSerif-Regular-tlf-t2a!
Missing character: There is no и ("438) in font PTSerif-Regular-tlf-t2a!
Missing character: There is no и ("438) in font PTSerif-Regular-tlf-t2a!
Missing character: There is no в ("432) in font PTSerif-Regular-tlf-t2a!
Missing character: There is no т ("442) in font PTSerif-Regular-tlf-t2a!
Missing character: There is no е ("435) in font PTSerif-Regular-tlf-t2a!
Missing character: There is no ч ("447) in font PTSerif-Regular-tlf-t2a!
Missing character: There is no е ("435) in font PTSerif-Regular-tlf-t2a!
Missing character: There is no н ("43D) in font PTSerif-Regular-tlf-t2a!
Missing character: There is no и ("438) in font PTSerif-Regular-tlf-t2a!
Missing character: There is no и ("438) in font PTSerif-Regular-tlf-t2a!
Missing character: There is no п ("43F) in font PTSerif-Regular-tlf-t2a!
Missing character: There is no р ("440) in font PTSerif-Regular-tlf-t2a!
Missing character: There is no о ("43E) in font PTSerif-Regular-tlf-t2a!
Missing character: There is no ш ("448) in font PTSerif-Regular-tlf-t2a!
Missing character: There is no л ("43B) in font PTSerif-Regular-tlf-t2a!
Missing character: There is no о ("43E) in font PTSerif-Regular-tlf-t2a!
Missing character: There is no г ("433) in font PTSerif-Regular-tlf-t2a!
Missing character: There is no о ("43E) in font PTSerif-Regular-tlf-t2a!
Missing character: There is no м ("43C) in font PTSerif-Regular-tlf-t2a!
Missing character: There is no е ("435) in font PTSerif-Regular-tlf-t2a!
Missing character: There is no с ("441) in font PTSerif-Regular-tlf-t2a!
Missing character: There is no я ("44F) in font PTSerif-Regular-tlf-t2a!
Missing character: There is no ц ("446) in font PTSerif-Regular-tlf-t2a!
Missing character: There is no а ("430) in font PTSerif-Regular-tlf-t2a!

Overfull \hbox (7.75pt too wide) in paragraph at lines 31--32
[][][][][][]
 []


Underfull \hbox (badness 10000) in paragraph at lines 31--32

 []

Missing character: There is no В ("412) in font PTSerif-Regular-tlf-t2a!
Missing character: There is no и ("438) in font PTSerif-Regular-tlf-t2a!
Missing character: There is no д ("434) in font PTSerif-Regular-tlf-t2a!
Missing character: There is no е ("435) in font PTSerif-Regular-tlf-t2a!
Missing character: There is no л ("43B) in font PTSerif-Regular-tlf-t2a!
Missing character: There is no и ("438) in font PTSerif-Regular-tlf-t2a!
Missing character: There is no л ("43B) in font PTSerif-Regular-tlf-t2a!
Missing character: There is no и ("438) in font PTSerif-Regular-tlf-t2a!
Missing character: There is no В ("412) in font PTSerif-Regular-tlf-t2a!
Missing character: There is no ы ("44B) in font PTSerif-Regular-tlf-t2a!
Missing character: There is no к ("43A) in font PTSerif-Regular-tlf-t2a!
Missing character: There is no о ("43E) in font PTSerif-Regular-tlf-t2a!
Missing character: There is no ш ("448) in font PTSerif-Regular-tlf-t2a!
Missing character: There is no м ("43C) in font PTSerif-Regular-tlf-t2a!
Missing character: There is no а ("430) in font PTSerif-Regular-tlf-t2a!
Missing character: There is no р ("440) in font PTSerif-Regular-tlf-t2a!
Missing character: There is no ы ("44B) in font PTSerif-Regular-tlf-t2a!
Missing character: There is no о ("43E) in font PTSerif-Regular-tlf-t2a!
Missing character: There is no б ("431) in font PTSerif-Regular-tlf-t2a!
Missing character: There is no э ("44D) in font PTSerif-Regular-tlf-t2a!
Missing character: There is no т ("442) in font PTSerif-Regular-tlf-t2a!
Missing character: There is no о ("43E) in font PTSerif-Regular-tlf-t2a!
Missing character: There is no м ("43C) in font PTSerif-Regular-tlf-t2a!
Missing character: There is no с ("441) in font PTSerif-Regular-tlf-t2a!
Missing character: There is no о ("43E) in font PTSerif-Regular-tlf-t2a!
Missing character: There is no б ("431) in font PTSerif-Regular-tlf-t2a!
Missing character: There is no ы ("44B) in font PTSerif-Regular-tlf-t2a!
Missing character: There is no т ("442) in font PTSerif-Regular-tlf-t2a!
Missing character: There is no и ("438) in font PTSerif-Regular-tlf-t2a!
Missing character: There is no и ("438) in font PTSerif-Regular-tlf-t2a!
Missing character: There is no И ("418) in font PTSerif-Regular-tlf-t2a!
Missing character: There is no л ("43B) in font PTSerif-Regular-tlf-t2a!
Missing character: There is no и ("438) in font PTSerif-Regular-tlf-t2a!
Missing character: There is no д ("434) in font PTSerif-Regular-tlf-t2a!
Missing character: There is no у ("443) in font PTSerif-Regular-tlf-t2a!
Missing character: There is no м ("43C) in font PTSerif-Regular-tlf-t2a!
Missing character: There is no а ("430) in font PTSerif-Regular-tlf-t2a!
Missing character: There is no л ("43B) in font PTSerif-Regular-tlf-t2a!
Missing character: There is no и ("438) in font PTSerif-Regular-tlf-t2a!
Missing character: There is no о ("43E) in font PTSerif-Regular-tlf-t2a!
Missing character: There is no н ("43D) in font PTSerif-Regular-tlf-t2a!
Missing character: There is no е ("435) in font PTSerif-Regular-tlf-t2a!
Missing character: There is no м ("43C) in font PTSerif-Regular-tlf-t2a!
Missing character: There is no к ("43A) in font PTSerif-Regular-tlf-t2a!
Missing character: There is no о ("43E) in font PTSerif-Regular-tlf-t2a!
Missing character: There is no г ("433) in font PTSerif-Regular-tlf-t2a!
Missing character: There is no д ("434) in font PTSerif-Regular-tlf-t2a!
Missing character: There is no а ("430) in font PTSerif-Regular-tlf-t2a!
Missing character: There is no н ("43D) in font PTSerif-Regular-tlf-t2a!
Missing character: There is no е ("435) in font PTSerif-Regular-tlf-t2a!
Missing character: There is no х ("445) in font PTSerif-Regular-tlf-t2a!
Missing character: There is no о ("43E) in font PTSerif-Regular-tlf-t2a!
Missing character: There is no т ("442) in font PTSerif-Regular-tlf-t2a!
Missing character: There is no е ("435) in font PTSerif-Regular-tlf-t2a!
Missing character: There is no л ("43B) in font PTSerif-Regular-tlf-t2a!
Missing character: There is no и ("438) in font PTSerif-Regular-tlf-t2a!
Missing character: There is no Д ("414) in font PTSerif-Regular-tlf-t2a!
Missing character: There is no а ("430) in font PTSerif-Regular-tlf-t2a!
Missing character: There is no Н ("41D) in font PTSerif-Regular-tlf-t2a!
Missing character: There is no е ("435) in font PTSerif-Regular-tlf-t2a!
Missing character: There is no т ("442) in font PTSerif-Regular-tlf-t2a!

Overfull \hbox (7.75pt too wide) in paragraph at lines 38--39
[][][][][][]
 []


Underfull \hbox (badness 10000) in paragraph at lines 38--39

 []

Missing character: There is no С ("421) in font PTSerif-Regular-tlf-t2a!
Missing character: There is no т ("442) in font PTSerif-Regular-tlf-t2a!
Missing character: There is no а ("430) in font PTSerif-Regular-tlf-t2a!
Missing character: There is no р ("440) in font PTSerif-Regular-tlf-t2a!
Missing character: There is no а ("430) in font PTSerif-Regular-tlf-t2a!
Missing character: There is no л ("43B) in font PTSerif-Regular-tlf-t2a!
Missing character: There is no и ("438) in font PTSerif-Regular-tlf-t2a!
Missing character: There is no с ("441) in font PTSerif-Regular-tlf-t2a!
Missing character: There is no ь ("44C) in font PTSerif-Regular-tlf-t2a!
Missing character: There is no л ("43B) in font PTSerif-Regular-tlf-t2a!
Missing character: There is no и ("438) in font PTSerif-Regular-tlf-t2a!
Missing character: There is no В ("412) in font PTSerif-Regular-tlf-t2a!
Missing character: There is no ы ("44B) in font PTSerif-Regular-tlf-t2a!
Missing character: There is no н ("43D) in font PTSerif-Regular-tlf-t2a!
Missing character: There is no е ("435) in font PTSerif-Regular-tlf-t2a!
Missing character: There is no д ("434) in font PTSerif-Regular-tlf-t2a!
Missing character: There is no у ("443) in font PTSerif-Regular-tlf-t2a!
Missing character: There is no м ("43C) in font PTSerif-Regular-tlf-t2a!
Missing character: There is no а ("430) in font PTSerif-Regular-tlf-t2a!
Missing character: There is no т ("442) in font PTSerif-Regular-tlf-t2a!
Missing character: There is no ь ("44C) in font PTSerif-Regular-tlf-t2a!
Missing character: There is no о ("43E) in font PTSerif-Regular-tlf-t2a!
Missing character: There is no б ("431) in font PTSerif-Regular-tlf-t2a!
Missing character: There is no э ("44D) in font PTSerif-Regular-tlf-t2a!
Missing character: There is no т ("442) in font PTSerif-Regular-tlf-t2a!
Missing character: There is no о ("43E) in font PTSerif-Regular-tlf-t2a!
Missing character: There is no м ("43C) in font PTSerif-Regular-tlf-t2a!
Missing character: There is no с ("441) in font PTSerif-Regular-tlf-t2a!
Missing character: There is no о ("43E) in font PTSerif-Regular-tlf-t2a!
Missing character: There is no б ("431) in font PTSerif-Regular-tlf-t2a!
Missing character: There is no ы ("44B) in font PTSerif-Regular-tlf-t2a!
Missing character: There is no т ("442) in font PTSerif-Regular-tlf-t2a!
Missing character: There is no и ("438) in font PTSerif-Regular-tlf-t2a!
Missing character: There is no и ("438) in font PTSerif-Regular-tlf-t2a!
Missing character: There is no И ("418) in font PTSerif-Regular-tlf-t2a!
Missing character: There is no з ("437) in font PTSerif-Regular-tlf-t2a!
Missing character: There is no б ("431) in font PTSerif-Regular-tlf-t2a!
Missing character: There is no е ("435) in font PTSerif-Regular-tlf-t2a!
Missing character: There is no г ("433) in font PTSerif-Regular-tlf-t2a!
Missing character: There is no а ("430) in font PTSerif-Regular-tlf-t2a!
Missing character: There is no л ("43B) in font PTSerif-Regular-tlf-t2a!
Missing character: There is no и ("438) in font PTSerif-Regular-tlf-t2a!
Missing character: There is no л ("43B) in font PTSerif-Regular-tlf-t2a!
Missing character: There is no и ("438) in font PTSerif-Regular-tlf-t2a!
Missing character: There is no с ("441) in font PTSerif-Regular-tlf-t2a!
Missing character: There is no и ("438) in font PTSerif-Regular-tlf-t2a!
Missing character: There is no т ("442) in font PTSerif-Regular-tlf-t2a!
Missing character: There is no у ("443) in font PTSerif-Regular-tlf-t2a!
Missing character: There is no а ("430) in font PTSerif-Regular-tlf-t2a!
Missing character: There is no ц ("446) in font PTSerif-Regular-tlf-t2a!
Missing character: There is no и ("438) in font PTSerif-Regular-tlf-t2a!
Missing character: There is no й ("439) in font PTSerif-Regular-tlf-t2a!
Missing character: There is no к ("43A) in font PTSerif-Regular-tlf-t2a!
Missing character: There is no о ("43E) in font PTSerif-Regular-tlf-t2a!
Missing character: There is no т ("442) in font PTSerif-Regular-tlf-t2a!
Missing character: There is no о ("43E) in font PTSerif-Regular-tlf-t2a!
Missing character: There is no р ("440) in font PTSerif-Regular-tlf-t2a!
Missing character: There is no ы ("44B) in font PTSerif-Regular-tlf-t2a!
Missing character: There is no е ("435) in font PTSerif-Regular-tlf-t2a!
Missing character: There is no н ("43D) in font PTSerif-Regular-tlf-t2a!
Missing character: There is no а ("430) in font PTSerif-Regular-tlf-t2a!
Missing character: There is no п ("43F) in font PTSerif-Regular-tlf-t2a!
Missing character: There is no о ("43E) in font PTSerif-Regular-tlf-t2a!
Missing character: There is no м ("43C) in font PTSerif-Regular-tlf-t2a!
Missing character: There is no и ("438) in font PTSerif-Regular-tlf-t2a!
Missing character: There is no н ("43D) in font PTSerif-Regular-tlf-t2a!
Missing character: There is no а ("430) in font PTSerif-Regular-tlf-t2a!
Missing character: There is no л ("43B) in font PTSerif-Regular-tlf-t2a!
Missing character: There is no и ("438) in font PTSerif-Regular-tlf-t2a!
Missing character: There is no о ("43E) in font PTSerif-Regular-tlf-t2a!
Missing character: There is no с ("441) in font PTSerif-Regular-tlf-t2a!
Missing character: There is no л ("43B) in font PTSerif-Regular-tlf-t2a!
Missing character: There is no у ("443) in font PTSerif-Regular-tlf-t2a!
Missing character: There is no ч ("447) in font PTSerif-Regular-tlf-t2a!
Missing character: There is no и ("438) in font PTSerif-Regular-tlf-t2a!
Missing character: There is no в ("432) in font PTSerif-Regular-tlf-t2a!
Missing character: There is no ш ("448) in font PTSerif-Regular-tlf-t2a!
Missing character: There is no е ("435) in font PTSerif-Regular-tlf-t2a!
Missing character: There is no м ("43C) in font PTSerif-Regular-tlf-t2a!
Missing character: There is no с ("441) in font PTSerif-Regular-tlf-t2a!
Missing character: There is no я ("44F) in font PTSerif-Regular-tlf-t2a!
Missing character: There is no Д ("414) in font PTSerif-Regular-tlf-t2a!
Missing character: There is no а ("430) in font PTSerif-Regular-tlf-t2a!
Missing character: There is no Н ("41D) in font PTSerif-Regular-tlf-t2a!
Missing character: There is no е ("435) in font PTSerif-Regular-tlf-t2a!
Missing character: There is no т ("442) in font PTSerif-Regular-tlf-t2a!

Overfull \hbox (7.75pt too wide) in paragraph at lines 45--46
[][][][][][]
 []


Underfull \hbox (badness 10000) in paragraph at lines 45--46

 []

Missing character: There is no Б ("411) in font PTSerif-Regular-tlf-t2a!
Missing character: There is no ы ("44B) in font PTSerif-Regular-tlf-t2a!
Missing character: There is no л ("43B) in font PTSerif-Regular-tlf-t2a!
Missing character: There is no и ("438) in font PTSerif-Regular-tlf-t2a!
Missing character: There is no л ("43B) in font PTSerif-Regular-tlf-t2a!
Missing character: There is no и ("438) in font PTSerif-Regular-tlf-t2a!
Missing character: There is no В ("412) in font PTSerif-Regular-tlf-t2a!
Missing character: There is no ы ("44B) in font PTSerif-Regular-tlf-t2a!
Missing character: There is no н ("43D) in font PTSerif-Regular-tlf-t2a!
Missing character: There is no а ("430) in font PTSerif-Regular-tlf-t2a!
Missing character: There is no с ("441) in font PTSerif-Regular-tlf-t2a!
Missing character: There is no т ("442) in font PTSerif-Regular-tlf-t2a!
Missing character: There is no о ("43E) in font PTSerif-Regular-tlf-t2a!
Missing character: There is no р ("440) in font PTSerif-Regular-tlf-t2a!
Missing character: There is no о ("43E) in font PTSerif-Regular-tlf-t2a!
Missing character: There is no ж ("436) in font PTSerif-Regular-tlf-t2a!
Missing character: There is no е ("435) in font PTSerif-Regular-tlf-t2a!
Missing character: There is no и ("438) in font PTSerif-Regular-tlf-t2a!
Missing character: There is no л ("43B) in font PTSerif-Regular-tlf-t2a!
Missing character: There is no и ("438) in font PTSerif-Regular-tlf-t2a!
Missing character: There is no л ("43B) in font PTSerif-Regular-tlf-t2a!
Missing character: There is no е ("435) in font PTSerif-Regular-tlf-t2a!
Missing character: There is no г ("433) in font PTSerif-Regular-tlf-t2a!
Missing character: There is no к ("43A) in font PTSerif-Regular-tlf-t2a!
Missing character: There is no о ("43E) in font PTSerif-Regular-tlf-t2a!
Missing character: There is no п ("43F) in font PTSerif-Regular-tlf-t2a!
Missing character: There is no у ("443) in font PTSerif-Regular-tlf-t2a!
Missing character: There is no г ("433) in font PTSerif-Regular-tlf-t2a!
Missing character: There is no а ("430) in font PTSerif-Regular-tlf-t2a!
Missing character: There is no л ("43B) in font PTSerif-Regular-tlf-t2a!
Missing character: There is no и ("438) in font PTSerif-Regular-tlf-t2a!
Missing character: There is no с ("441) in font PTSerif-Regular-tlf-t2a!
Missing character: There is no ь ("44C) in font PTSerif-Regular-tlf-t2a!
Missing character: There is no Д ("414) in font PTSerif-Regular-tlf-t2a!
Missing character: There is no а ("430) in font PTSerif-Regular-tlf-t2a!
Missing character: There is no Н ("41D) in font PTSerif-Regular-tlf-t2a!
Missing character: There is no е ("435) in font PTSerif-Regular-tlf-t2a!
Missing character: There is no т ("442) in font PTSerif-Regular-tlf-t2a!

Overfull \hbox (7.75pt too wide) in paragraph at lines 52--53
[][][][][][]
 []


Underfull \hbox (badness 10000) in paragraph at lines 52--53

 []

Missing character: There is no Ч ("427) in font PTSerif-Regular-tlf-t2a!
Missing character: There is no у ("443) in font PTSerif-Regular-tlf-t2a!
Missing character: There is no в ("432) in font PTSerif-Regular-tlf-t2a!
Missing character: There is no с ("441) in font PTSerif-Regular-tlf-t2a!
Missing character: There is no т ("442) in font PTSerif-Regular-tlf-t2a!
Missing character: There is no в ("432) in font PTSerif-Regular-tlf-t2a!
Missing character: There is no о ("43E) in font PTSerif-Regular-tlf-t2a!
Missing character: There is no в ("432) in font PTSerif-Regular-tlf-t2a!
Missing character: There is no а ("430) in font PTSerif-Regular-tlf-t2a!
Missing character: There is no л ("43B) in font PTSerif-Regular-tlf-t2a!
Missing character: There is no и ("438) in font PTSerif-Regular-tlf-t2a!
Missing character: There is no л ("43B) in font PTSerif-Regular-tlf-t2a!
Missing character: There is no и ("438) in font PTSerif-Regular-tlf-t2a!
Missing character: There is no В ("412) in font PTSerif-Regular-tlf-t2a!
Missing character: There is no ы ("44B) in font PTSerif-Regular-tlf-t2a!
Missing character: There is no о ("43E) in font PTSerif-Regular-tlf-t2a!
Missing character: There is no т ("442) in font PTSerif-Regular-tlf-t2a!
Missing character: There is no с ("441) in font PTSerif-Regular-tlf-t2a!
Missing character: There is no т ("442) in font PTSerif-Regular-tlf-t2a!
Missing character: There is no р ("440) in font PTSerif-Regular-tlf-t2a!
Missing character: There is no а ("430) in font PTSerif-Regular-tlf-t2a!
Missing character: There is no н ("43D) in font PTSerif-Regular-tlf-t2a!
Missing character: There is no ё ("451) in font PTSerif-Regular-tlf-t2a!
Missing character: There is no н ("43D) in font PTSerif-Regular-tlf-t2a!
Missing character: There is no н ("43D) in font PTSerif-Regular-tlf-t2a!
Missing character: There is no о ("43E) in font PTSerif-Regular-tlf-t2a!
Missing character: There is no с ("441) in font PTSerif-Regular-tlf-t2a!
Missing character: There is no т ("442) in font PTSerif-Regular-tlf-t2a!
Missing character: There is no ь ("44C) in font PTSerif-Regular-tlf-t2a!
Missing character: There is no о ("43E) in font PTSerif-Regular-tlf-t2a!
Missing character: There is no т ("442) in font PTSerif-Regular-tlf-t2a!
Missing character: There is no л ("43B) in font PTSerif-Regular-tlf-t2a!
Missing character: There is no ю ("44E) in font PTSerif-Regular-tlf-t2a!
Missing character: There is no д ("434) in font PTSerif-Regular-tlf-t2a!
Missing character: There is no е ("435) in font PTSerif-Regular-tlf-t2a!
Missing character: There is no й ("439) in font PTSerif-Regular-tlf-t2a!
Missing character: There is no л ("43B) in font PTSerif-Regular-tlf-t2a!
Missing character: There is no ю ("44E) in font PTSerif-Regular-tlf-t2a!
Missing character: There is no б ("431) in font PTSerif-Regular-tlf-t2a!
Missing character: There is no и ("438) in font PTSerif-Regular-tlf-t2a!
Missing character: There is no м ("43C) in font PTSerif-Regular-tlf-t2a!
Missing character: There is no о ("43E) in font PTSerif-Regular-tlf-t2a!
Missing character: There is no й ("439) in font PTSerif-Regular-tlf-t2a!
Missing character: There is no д ("434) in font PTSerif-Regular-tlf-t2a!
Missing character: There is no е ("435) in font PTSerif-Regular-tlf-t2a!
Missing character: There is no я ("44F) in font PTSerif-Regular-tlf-t2a!
Missing character: There is no т ("442) in font PTSerif-Regular-tlf-t2a!
Missing character: There is no е ("435) in font PTSerif-Regular-tlf-t2a!
Missing character: There is no л ("43B) in font PTSerif-Regular-tlf-t2a!
Missing character: There is no ь ("44C) in font PTSerif-Regular-tlf-t2a!
Missing character: There is no н ("43D) in font PTSerif-Regular-tlf-t2a!
Missing character: There is no о ("43E) in font PTSerif-Regular-tlf-t2a!
Missing character: There is no с ("441) in font PTSerif-Regular-tlf-t2a!
Missing character: There is no т ("442) in font PTSerif-Regular-tlf-t2a!
Missing character: There is no и ("438) in font PTSerif-Regular-tlf-t2a!
Missing character: There is no Д ("414) in font PTSerif-Regular-tlf-t2a!
Missing character: There is no а ("430) in font PTSerif-Regular-tlf-t2a!
Missing character: There is no Н ("41D) in font PTSerif-Regular-tlf-t2a!
Missing character: There is no е ("435) in font PTSerif-Regular-tlf-t2a!
Missing character: There is no т ("442) in font PTSerif-Regular-tlf-t2a!

Overfull \hbox (7.75pt too wide) in paragraph at lines 59--60
[][][][][][]
 []


Underfull \hbox (badness 10000) in paragraph at lines 59--60

 []

Missing character: There is no О ("41E) in font PTSerif-Regular-tlf-t2a!
Missing character: There is no щ ("449) in font PTSerif-Regular-tlf-t2a!
Missing character: There is no у ("443) in font PTSerif-Regular-tlf-t2a!
Missing character: There is no щ ("449) in font PTSerif-Regular-tlf-t2a!
Missing character: There is no а ("430) in font PTSerif-Regular-tlf-t2a!
Missing character: There is no л ("43B) in font PTSerif-Regular-tlf-t2a!
Missing character: There is no и ("438) in font PTSerif-Regular-tlf-t2a!
Missing character: There is no л ("43B) in font PTSerif-Regular-tlf-t2a!
Missing character: There is no и ("438) in font PTSerif-Regular-tlf-t2a!
Missing character: There is no В ("412) in font PTSerif-Regular-tlf-t2a!
Missing character: There is no ы ("44B) in font PTSerif-Regular-tlf-t2a!
Missing character: There is no с ("441) in font PTSerif-Regular-tlf-t2a!
Missing character: There is no е ("435) in font PTSerif-Regular-tlf-t2a!
Missing character: There is no б ("431) in font PTSerif-Regular-tlf-t2a!
Missing character: There is no я ("44F) in font PTSerif-Regular-tlf-t2a!
Missing character: There is no в ("432) in font PTSerif-Regular-tlf-t2a!
Missing character: There is no и ("438) in font PTSerif-Regular-tlf-t2a!
Missing character: There is no н ("43D) in font PTSerif-Regular-tlf-t2a!
Missing character: There is no о ("43E) in font PTSerif-Regular-tlf-t2a!
Missing character: There is no в ("432) in font PTSerif-Regular-tlf-t2a!
Missing character: There is no н ("43D) in font PTSerif-Regular-tlf-t2a!
Missing character: There is no ы ("44B) in font PTSerif-Regular-tlf-t2a!
Missing character: There is no м ("43C) in font PTSerif-Regular-tlf-t2a!
Missing character: There is no и ("438) in font PTSerif-Regular-tlf-t2a!
Missing character: There is no л ("43B) in font PTSerif-Regular-tlf-t2a!
Missing character: There is no и ("438) in font PTSerif-Regular-tlf-t2a!
Missing character: There is no н ("43D) in font PTSerif-Regular-tlf-t2a!
Missing character: There is no е ("435) in font PTSerif-Regular-tlf-t2a!
Missing character: There is no м ("43C) in font PTSerif-Regular-tlf-t2a!
Missing character: There is no о ("43E) in font PTSerif-Regular-tlf-t2a!
Missing character: There is no г ("433) in font PTSerif-Regular-tlf-t2a!
Missing character: There is no л ("43B) in font PTSerif-Regular-tlf-t2a!
Missing character: There is no и ("438) in font PTSerif-Regular-tlf-t2a!
Missing character: There is no п ("43F) in font PTSerif-Regular-tlf-t2a!
Missing character: There is no е ("435) in font PTSerif-Regular-tlf-t2a!
Missing character: There is no р ("440) in font PTSerif-Regular-tlf-t2a!
Missing character: There is no е ("435) in font PTSerif-Regular-tlf-t2a!
Missing character: There is no с ("441) in font PTSerif-Regular-tlf-t2a!
Missing character: There is no т ("442) in font PTSerif-Regular-tlf-t2a!
Missing character: There is no а ("430) in font PTSerif-Regular-tlf-t2a!
Missing character: There is no т ("442) in font PTSerif-Regular-tlf-t2a!
Missing character: There is no ь ("44C) in font PTSerif-Regular-tlf-t2a!
Missing character: There is no в ("432) in font PTSerif-Regular-tlf-t2a!
Missing character: There is no и ("438) in font PTSerif-Regular-tlf-t2a!
Missing character: There is no н ("43D) in font PTSerif-Regular-tlf-t2a!
Missing character: There is no и ("438) in font PTSerif-Regular-tlf-t2a!
Missing character: There is no т ("442) in font PTSerif-Regular-tlf-t2a!
Missing character: There is no ь ("44C) in font PTSerif-Regular-tlf-t2a!
Missing character: There is no с ("441) in font PTSerif-Regular-tlf-t2a!
Missing character: There is no е ("435) in font PTSerif-Regular-tlf-t2a!
Missing character: There is no б ("431) in font PTSerif-Regular-tlf-t2a!
Missing character: There is no я ("44F) in font PTSerif-Regular-tlf-t2a!
Missing character: There is no и ("438) in font PTSerif-Regular-tlf-t2a!
Missing character: There is no л ("43B) in font PTSerif-Regular-tlf-t2a!
Missing character: There is no и ("438) in font PTSerif-Regular-tlf-t2a!
Missing character: There is no д ("434) in font PTSerif-Regular-tlf-t2a!
Missing character: There is no р ("440) in font PTSerif-Regular-tlf-t2a!
Missing character: There is no у ("443) in font PTSerif-Regular-tlf-t2a!
Missing character: There is no г ("433) in font PTSerif-Regular-tlf-t2a!
Missing character: There is no и ("438) in font PTSerif-Regular-tlf-t2a!
Missing character: There is no х ("445) in font PTSerif-Regular-tlf-t2a!
Missing character: There is no з ("437) in font PTSerif-Regular-tlf-t2a!
Missing character: There is no а ("430) in font PTSerif-Regular-tlf-t2a!
Missing character: There is no п ("43F) in font PTSerif-Regular-tlf-t2a!
Missing character: There is no р ("440) in font PTSerif-Regular-tlf-t2a!
Missing character: There is no о ("43E) in font PTSerif-Regular-tlf-t2a!
Missing character: There is no и ("438) in font PTSerif-Regular-tlf-t2a!
Missing character: There is no с ("441) in font PTSerif-Regular-tlf-t2a!
Missing character: There is no ш ("448) in font PTSerif-Regular-tlf-t2a!
Missing character: There is no е ("435) in font PTSerif-Regular-tlf-t2a!
Missing character: There is no д ("434) in font PTSerif-Regular-tlf-t2a!
Missing character: There is no ш ("448) in font PTSerif-Regular-tlf-t2a!
Missing character: There is no е ("435) in font PTSerif-Regular-tlf-t2a!
Missing character: There is no е ("435) in font PTSerif-Regular-tlf-t2a!
Missing character: There is no с ("441) in font PTSerif-Regular-tlf-t2a!
Missing character: There is no В ("412) in font PTSerif-Regular-tlf-t2a!
Missing character: There is no а ("430) in font PTSerif-Regular-tlf-t2a!
Missing character: There is no м ("43C) in font PTSerif-Regular-tlf-t2a!
Missing character: There is no и ("438) in font PTSerif-Regular-tlf-t2a!
Missing character: There is no с ("441) in font PTSerif-Regular-tlf-t2a!
Missing character: There is no о ("43E) in font PTSerif-Regular-tlf-t2a!
Missing character: There is no б ("431) in font PTSerif-Regular-tlf-t2a!
Missing character: There is no ы ("44B) in font PTSerif-Regular-tlf-t2a!
Missing character: There is no т ("442) in font PTSerif-Regular-tlf-t2a!
Missing character: There is no и ("438) in font PTSerif-Regular-tlf-t2a!
Missing character: There is no е ("435) in font PTSerif-Regular-tlf-t2a!
Missing character: There is no и ("438) in font PTSerif-Regular-tlf-t2a!
Missing character: There is no л ("43B) in font PTSerif-Regular-tlf-t2a!
Missing character: There is no и ("438) in font PTSerif-Regular-tlf-t2a!
Missing character: There is no е ("435) in font PTSerif-Regular-tlf-t2a!
Missing character: There is no г ("433) in font PTSerif-Regular-tlf-t2a!
Missing character: There is no о ("43E) in font PTSerif-Regular-tlf-t2a!
Missing character: There is no п ("43F) in font PTSerif-Regular-tlf-t2a!
Missing character: There is no о ("43E) in font PTSerif-Regular-tlf-t2a!
Missing character: There is no с ("441) in font PTSerif-Regular-tlf-t2a!
Missing character: There is no л ("43B) in font PTSerif-Regular-tlf-t2a!
Missing character: There is no е ("435) in font PTSerif-Regular-tlf-t2a!
Missing character: There is no д ("434) in font PTSerif-Regular-tlf-t2a!
Missing character: There is no с ("441) in font PTSerif-Regular-tlf-t2a!
Missing character: There is no т ("442) in font PTSerif-Regular-tlf-t2a!
Missing character: There is no в ("432) in font PTSerif-Regular-tlf-t2a!
Missing character: There is no и ("438) in font PTSerif-Regular-tlf-t2a!
Missing character: There is no я ("44F) in font PTSerif-Regular-tlf-t2a!
Missing character: There is no Д ("414) in font PTSerif-Regular-tlf-t2a!
Missing character: There is no а ("430) in font PTSerif-Regular-tlf-t2a!
Missing character: There is no Н ("41D) in font PTSerif-Regular-tlf-t2a!
Missing character: There is no е ("435) in font PTSerif-Regular-tlf-t2a!
Missing character: There is no т ("442) in font PTSerif-Regular-tlf-t2a!

Overfull \hbox (7.75pt too wide) in paragraph at lines 66--67
[][][][][][]
 []


Underfull \hbox (badness 10000) in paragraph at lines 66--67

 []

Missing character: There is no Е ("415) in font PTSerif-Regular-tlf-t2a!
Missing character: There is no с ("441) in font PTSerif-Regular-tlf-t2a!
Missing character: There is no л ("43B) in font PTSerif-Regular-tlf-t2a!
Missing character: There is no и ("438) in font PTSerif-Regular-tlf-t2a!
Missing character: There is no В ("412) in font PTSerif-Regular-tlf-t2a!
Missing character: There is no ы ("44B) in font PTSerif-Regular-tlf-t2a!
Missing character: There is no о ("43E) in font PTSerif-Regular-tlf-t2a!
Missing character: There is no т ("442) in font PTSerif-Regular-tlf-t2a!
Missing character: There is no в ("432) in font PTSerif-Regular-tlf-t2a!
Missing character: There is no е ("435) in font PTSerif-Regular-tlf-t2a!
Missing character: There is no т ("442) in font PTSerif-Regular-tlf-t2a!
Missing character: There is no и ("438) in font PTSerif-Regular-tlf-t2a!
Missing character: There is no л ("43B) in font PTSerif-Regular-tlf-t2a!
Missing character: There is no и ("438) in font PTSerif-Regular-tlf-t2a!
Missing character: There is no д ("434) in font PTSerif-Regular-tlf-t2a!
Missing character: There is no а ("430) in font PTSerif-Regular-tlf-t2a!
Missing character: There is no н ("43D) in font PTSerif-Regular-tlf-t2a!
Missing character: There is no а ("430) in font PTSerif-Regular-tlf-t2a!
Missing character: There is no п ("43F) in font PTSerif-Regular-tlf-t2a!
Missing character: There is no е ("435) in font PTSerif-Regular-tlf-t2a!
Missing character: There is no р ("440) in font PTSerif-Regular-tlf-t2a!
Missing character: There is no в ("432) in font PTSerif-Regular-tlf-t2a!
Missing character: There is no ы ("44B) in font PTSerif-Regular-tlf-t2a!
Missing character: There is no й ("439) in font PTSerif-Regular-tlf-t2a!
Missing character: There is no в ("432) in font PTSerif-Regular-tlf-t2a!
Missing character: There is no о ("43E) in font PTSerif-Regular-tlf-t2a!
Missing character: There is no п ("43F) in font PTSerif-Regular-tlf-t2a!
Missing character: There is no р ("440) in font PTSerif-Regular-tlf-t2a!
Missing character: There is no о ("43E) in font PTSerif-Regular-tlf-t2a!
Missing character: There is no с ("441) in font PTSerif-Regular-tlf-t2a!
Missing character: There is no и ("438) in font PTSerif-Regular-tlf-t2a!
Missing character: There is no н ("43D) in font PTSerif-Regular-tlf-t2a!
Missing character: There is no а ("430) in font PTSerif-Regular-tlf-t2a!
Missing character: There is no т ("442) in font PTSerif-Regular-tlf-t2a!
Missing character: There is no р ("440) in font PTSerif-Regular-tlf-t2a!
Missing character: There is no и ("438) in font PTSerif-Regular-tlf-t2a!
Missing character: There is no и ("438) in font PTSerif-Regular-tlf-t2a!
Missing character: There is no л ("43B) in font PTSerif-Regular-tlf-t2a!
Missing character: There is no и ("438) in font PTSerif-Regular-tlf-t2a!
Missing character: There is no б ("431) in font PTSerif-Regular-tlf-t2a!
Missing character: There is no о ("43E) in font PTSerif-Regular-tlf-t2a!
Missing character: There is no л ("43B) in font PTSerif-Regular-tlf-t2a!
Missing character: There is no е ("435) in font PTSerif-Regular-tlf-t2a!
Missing character: There is no е ("435) in font PTSerif-Regular-tlf-t2a!
Missing character: There is no в ("432) in font PTSerif-Regular-tlf-t2a!
Missing character: There is no о ("43E) in font PTSerif-Regular-tlf-t2a!
Missing character: There is no п ("43F) in font PTSerif-Regular-tlf-t2a!
Missing character: There is no р ("440) in font PTSerif-Regular-tlf-t2a!
Missing character: There is no о ("43E) in font PTSerif-Regular-tlf-t2a!
Missing character: There is no с ("441) in font PTSerif-Regular-tlf-t2a!
Missing character: There is no о ("43E) in font PTSerif-Regular-tlf-t2a!
Missing character: There is no в ("432) in font PTSerif-Regular-tlf-t2a!
Missing character: There is no д ("434) in font PTSerif-Regular-tlf-t2a!
Missing character: There is no а ("430) in font PTSerif-Regular-tlf-t2a!
Missing character: There is no л ("43B) in font PTSerif-Regular-tlf-t2a!
Missing character: There is no е ("435) in font PTSerif-Regular-tlf-t2a!
Missing character: There is no е ("435) in font PTSerif-Regular-tlf-t2a!
Missing character: There is no т ("442) in font PTSerif-Regular-tlf-t2a!
Missing character: There is no о ("43E) in font PTSerif-Regular-tlf-t2a!
Missing character: There is no В ("412) in font PTSerif-Regular-tlf-t2a!
Missing character: There is no ы ("44B) in font PTSerif-Regular-tlf-t2a!
Missing character: There is no с ("441) in font PTSerif-Regular-tlf-t2a!
Missing character: There is no т ("442) in font PTSerif-Regular-tlf-t2a!
Missing character: There is no р ("440) in font PTSerif-Regular-tlf-t2a!
Missing character: There is no а ("430) in font PTSerif-Regular-tlf-t2a!
Missing character: There is no д ("434) in font PTSerif-Regular-tlf-t2a!
Missing character: There is no а ("430) in font PTSerif-Regular-tlf-t2a!
Missing character: There is no е ("435) in font PTSerif-Regular-tlf-t2a!
Missing character: There is no т ("442) in font PTSerif-Regular-tlf-t2a!
Missing character: There is no е ("435) in font PTSerif-Regular-tlf-t2a!
Missing character: There is no о ("43E) in font PTSerif-Regular-tlf-t2a!
Missing character: There is no т ("442) in font PTSerif-Regular-tlf-t2a!
Missing character: There is no п ("43F) in font PTSerif-Regular-tlf-t2a!
Missing character: There is no о ("43E) in font PTSerif-Regular-tlf-t2a!
Missing character: There is no с ("441) in font PTSerif-Regular-tlf-t2a!
Missing character: There is no т ("442) in font PTSerif-Regular-tlf-t2a!
Missing character: There is no т ("442) in font PTSerif-Regular-tlf-t2a!
Missing character: There is no р ("440) in font PTSerif-Regular-tlf-t2a!
Missing character: There is no а ("430) in font PTSerif-Regular-tlf-t2a!
Missing character: There is no в ("432) in font PTSerif-Regular-tlf-t2a!
Missing character: There is no м ("43C) in font PTSerif-Regular-tlf-t2a!
Missing character: There is no а ("430) in font PTSerif-Regular-tlf-t2a!
Missing character: There is no т ("442) in font PTSerif-Regular-tlf-t2a!
Missing character: There is no и ("438) in font PTSerif-Regular-tlf-t2a!
Missing character: There is no ч ("447) in font PTSerif-Regular-tlf-t2a!
Missing character: There is no е ("435) in font PTSerif-Regular-tlf-t2a!
Missing character: There is no с ("441) in font PTSerif-Regular-tlf-t2a!
Missing character: There is no к ("43A) in font PTSerif-Regular-tlf-t2a!
Missing character: There is no о ("43E) in font PTSerif-Regular-tlf-t2a!
Missing character: There is no г ("433) in font PTSerif-Regular-tlf-t2a!
Missing character: There is no о ("43E) in font PTSerif-Regular-tlf-t2a!
Missing character: There is no с ("441) in font PTSerif-Regular-tlf-t2a!
Missing character: There is no т ("442) in font PTSerif-Regular-tlf-t2a!
Missing character: There is no р ("440) in font PTSerif-Regular-tlf-t2a!
Missing character: There is no е ("435) in font PTSerif-Regular-tlf-t2a!
Missing character: There is no с ("441) in font PTSerif-Regular-tlf-t2a!
Missing character: There is no с ("441) in font PTSerif-Regular-tlf-t2a!
Missing character: There is no о ("43E) in font PTSerif-Regular-tlf-t2a!
Missing character: There is no в ("432) in font PTSerif-Regular-tlf-t2a!
Missing character: There is no о ("43E) in font PTSerif-Regular-tlf-t2a!
Missing character: There is no г ("433) in font PTSerif-Regular-tlf-t2a!
Missing character: There is no о ("43E) in font PTSerif-Regular-tlf-t2a!
Missing character: There is no р ("440) in font PTSerif-Regular-tlf-t2a!
Missing character: There is no а ("430) in font PTSerif-Regular-tlf-t2a!
Missing character: There is no с ("441) in font PTSerif-Regular-tlf-t2a!
Missing character: There is no с ("441) in font PTSerif-Regular-tlf-t2a!
Missing character: There is no т ("442) in font PTSerif-Regular-tlf-t2a!
Missing character: There is no р ("440) in font PTSerif-Regular-tlf-t2a!
Missing character: There is no о ("43E) in font PTSerif-Regular-tlf-t2a!
Missing character: There is no й ("439) in font PTSerif-Regular-tlf-t2a!
Missing character: There is no с ("441) in font PTSerif-Regular-tlf-t2a!
Missing character: There is no т ("442) in font PTSerif-Regular-tlf-t2a!
Missing character: There is no в ("432) in font PTSerif-Regular-tlf-t2a!
Missing character: There is no а ("430) in font PTSerif-Regular-tlf-t2a!
Missing character: There is no П ("41F) in font PTSerif-Regular-tlf-t2a!
Missing character: There is no о ("43E) in font PTSerif-Regular-tlf-t2a!
Missing character: There is no ж ("436) in font PTSerif-Regular-tlf-t2a!
Missing character: There is no а ("430) in font PTSerif-Regular-tlf-t2a!
Missing character: There is no л ("43B) in font PTSerif-Regular-tlf-t2a!
Missing character: There is no у ("443) in font PTSerif-Regular-tlf-t2a!
Missing character: There is no й ("439) in font PTSerif-Regular-tlf-t2a!
Missing character: There is no с ("441) in font PTSerif-Regular-tlf-t2a!
Missing character: There is no т ("442) in font PTSerif-Regular-tlf-t2a!
Missing character: There is no а ("430) in font PTSerif-Regular-tlf-t2a!
Missing character: There is no о ("43E) in font PTSerif-Regular-tlf-t2a!
Missing character: There is no б ("431) in font PTSerif-Regular-tlf-t2a!
Missing character: There is no р ("440) in font PTSerif-Regular-tlf-t2a!
Missing character: There is no а ("430) in font PTSerif-Regular-tlf-t2a!
Missing character: There is no т ("442) in font PTSerif-Regular-tlf-t2a!
Missing character: There is no и ("438) in font PTSerif-Regular-tlf-t2a!
Missing character: There is no т ("442) in font PTSerif-Regular-tlf-t2a!
Missing character: There is no е ("435) in font PTSerif-Regular-tlf-t2a!
Missing character: There is no с ("441) in font PTSerif-Regular-tlf-t2a!
Missing character: There is no ь ("44C) in font PTSerif-Regular-tlf-t2a!
Missing character: There is no к ("43A) in font PTSerif-Regular-tlf-t2a!
Missing character: There is no с ("441) in font PTSerif-Regular-tlf-t2a!
Missing character: There is no п ("43F) in font PTSerif-Regular-tlf-t2a!
Missing character: There is no е ("435) in font PTSerif-Regular-tlf-t2a!
Missing character: There is no ц ("446) in font PTSerif-Regular-tlf-t2a!
Missing character: There is no и ("438) in font PTSerif-Regular-tlf-t2a!
Missing character: There is no а ("430) in font PTSerif-Regular-tlf-t2a!
Missing character: There is no л ("43B) in font PTSerif-Regular-tlf-t2a!
Missing character: There is no и ("438) in font PTSerif-Regular-tlf-t2a!
Missing character: There is no с ("441) in font PTSerif-Regular-tlf-t2a!
Missing character: There is no т ("442) in font PTSerif-Regular-tlf-t2a!
Missing character: There is no у ("443) in font PTSerif-Regular-tlf-t2a!
Missing character: There is no ч ("447) in font PTSerif-Regular-tlf-t2a!
Missing character: There is no т ("442) in font PTSerif-Regular-tlf-t2a!
Missing character: There is no о ("43E) in font PTSerif-Regular-tlf-t2a!
Missing character: There is no б ("431) in font PTSerif-Regular-tlf-t2a!
Missing character: There is no ы ("44B) in font PTSerif-Regular-tlf-t2a!
Missing character: There is no н ("43D) in font PTSerif-Regular-tlf-t2a!
Missing character: There is no а ("430) in font PTSerif-Regular-tlf-t2a!
Missing character: There is no ч ("447) in font PTSerif-Regular-tlf-t2a!
Missing character: There is no а ("430) in font PTSerif-Regular-tlf-t2a!
Missing character: There is no т ("442) in font PTSerif-Regular-tlf-t2a!
Missing character: There is no ь ("44C) in font PTSerif-Regular-tlf-t2a!
Missing character: There is no п ("43F) in font PTSerif-Regular-tlf-t2a!
Missing character: There is no у ("443) in font PTSerif-Regular-tlf-t2a!
Missing character: There is no т ("442) in font PTSerif-Regular-tlf-t2a!
Missing character: There is no ь ("44C) in font PTSerif-Regular-tlf-t2a!
Missing character: There is no к ("43A) in font PTSerif-Regular-tlf-t2a!
Missing character: There is no и ("438) in font PTSerif-Regular-tlf-t2a!
Missing character: There is no з ("437) in font PTSerif-Regular-tlf-t2a!
Missing character: There is no л ("43B) in font PTSerif-Regular-tlf-t2a!
Missing character: There is no е ("435) in font PTSerif-Regular-tlf-t2a!
Missing character: There is no ч ("447) in font PTSerif-Regular-tlf-t2a!
Missing character: There is no е ("435) in font PTSerif-Regular-tlf-t2a!
Missing character: There is no н ("43D) in font PTSerif-Regular-tlf-t2a!
Missing character: There is no и ("438) in font PTSerif-Regular-tlf-t2a!
Missing character: There is no ю ("44E) in font PTSerif-Regular-tlf-t2a!
Missing character: There is no И ("418) in font PTSerif-Regular-tlf-t2a!
Missing character: There is no л ("43B) in font PTSerif-Regular-tlf-t2a!
Missing character: There is no и ("438) in font PTSerif-Regular-tlf-t2a!
Missing character: There is no е ("435) in font PTSerif-Regular-tlf-t2a!
Missing character: There is no с ("441) in font PTSerif-Regular-tlf-t2a!
Missing character: There is no л ("43B) in font PTSerif-Regular-tlf-t2a!
Missing character: There is no и ("438) in font PTSerif-Regular-tlf-t2a!
Missing character: There is no о ("43E) in font PTSerif-Regular-tlf-t2a!
Missing character: There is no н ("43D) in font PTSerif-Regular-tlf-t2a!
Missing character: There is no у ("443) in font PTSerif-Regular-tlf-t2a!
Missing character: There is no В ("412) in font PTSerif-Regular-tlf-t2a!
Missing character: There is no а ("430) in font PTSerif-Regular-tlf-t2a!
Missing character: There is no с ("441) in font PTSerif-Regular-tlf-t2a!
Missing character: There is no е ("435) in font PTSerif-Regular-tlf-t2a!
Missing character: There is no с ("441) in font PTSerif-Regular-tlf-t2a!
Missing character: There is no т ("442) in font PTSerif-Regular-tlf-t2a!
Missing character: There is no ь ("44C) in font PTSerif-Regular-tlf-t2a!
Missing character: There is no н ("43D) in font PTSerif-Regular-tlf-t2a!
Missing character: There is no а ("430) in font PTSerif-Regular-tlf-t2a!
Missing character: There is no ч ("447) in font PTSerif-Regular-tlf-t2a!
Missing character: There is no н ("43D) in font PTSerif-Regular-tlf-t2a!
Missing character: There is no и ("438) in font PTSerif-Regular-tlf-t2a!
Missing character: There is no т ("442) in font PTSerif-Regular-tlf-t2a!
Missing character: There is no е ("435) in font PTSerif-Regular-tlf-t2a!
Missing character: There is no р ("440) in font PTSerif-Regular-tlf-t2a!
Missing character: There is no а ("430) in font PTSerif-Regular-tlf-t2a!
Missing character: There is no б ("431) in font PTSerif-Regular-tlf-t2a!
Missing character: There is no о ("43E) in font PTSerif-Regular-tlf-t2a!
Missing character: There is no т ("442) in font PTSerif-Regular-tlf-t2a!
Missing character: There is no а ("430) in font PTSerif-Regular-tlf-t2a!
Missing character: There is no т ("442) in font PTSerif-Regular-tlf-t2a!
Missing character: There is no ь ("44C) in font PTSerif-Regular-tlf-t2a!
Missing character: There is no н ("43D) in font PTSerif-Regular-tlf-t2a!
Missing character: There is no а ("430) in font PTSerif-Regular-tlf-t2a!
Missing character: There is no д ("434) in font PTSerif-Regular-tlf-t2a!
Missing character: There is no э ("44D) in font PTSerif-Regular-tlf-t2a!
Missing character: There is no т ("442) in font PTSerif-Regular-tlf-t2a!
Missing character: There is no и ("438) in font PTSerif-Regular-tlf-t2a!
Missing character: There is no м ("43C) in font PTSerif-Regular-tlf-t2a!
Missing character: There is no с ("441) in font PTSerif-Regular-tlf-t2a!
Missing character: There is no н ("43D) in font PTSerif-Regular-tlf-t2a!
Missing character: There is no и ("438) in font PTSerif-Regular-tlf-t2a!
Missing character: There is no м ("43C) in font PTSerif-Regular-tlf-t2a!
Missing character: There is no П ("41F) in font PTSerif-Bold-tlf-t2a!
Missing character: There is no о ("43E) in font PTSerif-Bold-tlf-t2a!
Missing character: There is no с ("441) in font PTSerif-Bold-tlf-t2a!
Missing character: There is no т ("442) in font PTSerif-Bold-tlf-t2a!
Missing character: There is no т ("442) in font PTSerif-Bold-tlf-t2a!
Missing character: There is no р ("440) in font PTSerif-Bold-tlf-t2a!
Missing character: There is no а ("430) in font PTSerif-Bold-tlf-t2a!
Missing character: There is no в ("432) in font PTSerif-Bold-tlf-t2a!
Missing character: There is no м ("43C) in font PTSerif-Bold-tlf-t2a!
Missing character: There is no а ("430) in font PTSerif-Bold-tlf-t2a!
Missing character: There is no т ("442) in font PTSerif-Bold-tlf-t2a!
Missing character: There is no и ("438) in font PTSerif-Bold-tlf-t2a!
Missing character: There is no ч ("447) in font PTSerif-Bold-tlf-t2a!
Missing character: There is no е ("435) in font PTSerif-Bold-tlf-t2a!
Missing character: There is no с ("441) in font PTSerif-Bold-tlf-t2a!
Missing character: There is no к ("43A) in font PTSerif-Bold-tlf-t2a!
Missing character: There is no о ("43E) in font PTSerif-Bold-tlf-t2a!
Missing character: There is no е ("435) in font PTSerif-Bold-tlf-t2a!
Missing character: There is no с ("441) in font PTSerif-Bold-tlf-t2a!
Missing character: There is no т ("442) in font PTSerif-Bold-tlf-t2a!
Missing character: There is no р ("440) in font PTSerif-Bold-tlf-t2a!
Missing character: There is no е ("435) in font PTSerif-Bold-tlf-t2a!
Missing character: There is no с ("441) in font PTSerif-Bold-tlf-t2a!
Missing character: There is no с ("441) in font PTSerif-Bold-tlf-t2a!
Missing character: There is no о ("43E) in font PTSerif-Bold-tlf-t2a!
Missing character: There is no в ("432) in font PTSerif-Bold-tlf-t2a!
Missing character: There is no о ("43E) in font PTSerif-Bold-tlf-t2a!
Missing character: There is no е ("435) in font PTSerif-Bold-tlf-t2a!
Missing character: There is no р ("440) in font PTSerif-Bold-tlf-t2a!
Missing character: There is no а ("430) in font PTSerif-Bold-tlf-t2a!
Missing character: There is no с ("441) in font PTSerif-Bold-tlf-t2a!
Missing character: There is no с ("441) in font PTSerif-Bold-tlf-t2a!
Missing character: There is no т ("442) in font PTSerif-Bold-tlf-t2a!
Missing character: There is no р ("440) in font PTSerif-Bold-tlf-t2a!
Missing character: There is no о ("43E) in font PTSerif-Bold-tlf-t2a!
Missing character: There is no й ("439) in font PTSerif-Bold-tlf-t2a!
Missing character: There is no с ("441) in font PTSerif-Bold-tlf-t2a!
Missing character: There is no т ("442) in font PTSerif-Bold-tlf-t2a!
Missing character: There is no в ("432) in font PTSerif-Bold-tlf-t2a!
Missing character: There is no о ("43E) in font PTSerif-Bold-tlf-t2a!
Missing character: There is no П ("41F) in font PTSerif-Regular-tlf-t2a!
Missing character: There is no р ("440) in font PTSerif-Regular-tlf-t2a!
Missing character: There is no е ("435) in font PTSerif-Regular-tlf-t2a!
Missing character: There is no д ("434) in font PTSerif-Regular-tlf-t2a!
Missing character: There is no о ("43E) in font PTSerif-Regular-tlf-t2a!
Missing character: There is no с ("441) in font PTSerif-Regular-tlf-t2a!
Missing character: There is no т ("442) in font PTSerif-Regular-tlf-t2a!
Missing character: There is no а ("430) in font PTSerif-Regular-tlf-t2a!
Missing character: There is no в ("432) in font PTSerif-Regular-tlf-t2a!
Missing character: There is no л ("43B) in font PTSerif-Regular-tlf-t2a!
Missing character: There is no е ("435) in font PTSerif-Regular-tlf-t2a!
Missing character: There is no н ("43D) in font PTSerif-Regular-tlf-t2a!
Missing character: There is no о ("43E) in font PTSerif-Regular-tlf-t2a!
[1

] (./oprosnik.aux
LaTeX Font Info:    Trying to load font information for OT1+PTSerif-TLF on inpu
t line 5.

(/nix/store/529drqk0wwk573cwhqlzsvzz5nn1brqp-texlive-combined-2021/share/texmf/
tex/latex/paratype/OT1PTSerif-TLF.fd
File: OT1PTSerif-TLF.fd 2014/02/02 Font definitions for OT1/PTSerif-TLF.
))

LaTeX Font Warning: Some font shapes were not available, defaults substituted.

 ) 
Here is how much of TeX's memory you used:
 4169 strings out of 476180
 74938 string characters out of 5790591
 387662 words of memory out of 5000000
 24877 multiletter control sequences out of 15000+600000
 504531 words of font info for 41 fonts, out of 8000000 for 9000
 1348 hyphenation exceptions out of 8191
 70i,11n,76p,229b,414s stack positions out of 5000i,500n,10000p,200000b,80000s

Output written on oprosnik.pdf (1 page).
